2025-05-09 10:21:22.095 +05:30 [INF] Request starting HTTP/1.1 OPTIONS http://localhost:5191/api/DataSource?userId=41 - null null
2025-05-09 10:21:22.300 +05:30 [INF] Request starting HTTP/1.1 OPTIONS http://localhost:5191/api/DataSource?userId=41 - null null
2025-05-09 10:21:22.482 +05:30 [INF] CORS policy execution successful.
2025-05-09 10:21:22.483 +05:30 [INF] CORS policy execution successful.
2025-05-09 10:21:22.484 +05:30 [INF] Request finished HTTP/1.1 OPTIONS http://localhost:5191/api/DataSource?userId=41 - 204 null null 388.711ms
2025-05-09 10:21:22.484 +05:30 [INF] Request finished HTTP/1.1 OPTIONS http://localhost:5191/api/DataSource?userId=41 - 204 null null 184.463ms
2025-05-09 10:21:22.605 +05:30 [INF] Request starting HTTP/1.1 GET http://localhost:5191/api/DataSource?userId=41 - null null
2025-05-09 10:21:22.608 +05:30 [INF] CORS policy execution successful.
2025-05-09 10:21:22.608 +05:30 [INF] Request starting HTTP/1.1 GET http://localhost:5191/api/DataSource?userId=41 - null null
2025-05-09 10:21:22.609 +05:30 [INF] CORS policy execution successful.
2025-05-09 10:21:22.609 +05:30 [INF] Executing endpoint 'DataTransfer.API.Controllers.DataSourceController.GetAllDataSources (DataTransfer.API)'
2025-05-09 10:21:22.609 +05:30 [INF] Route matched with {action = "GetAllDataSources", controller = "DataSource"}. Executing controller action with signature System.Threading.Tasks.Task`1[Microsoft.AspNetCore.Mvc.ActionResult`1[System.Collections.Generic.IEnumerable`1[DataTransfer.Application.DTOs.DataSourceDto]]] GetAllDataSources(System.Nullable`1[System.Int32]) on controller DataTransfer.API.Controllers.DataSourceController (DataTransfer.API).
2025-05-09 10:21:22.609 +05:30 [INF] Executing endpoint 'DataTransfer.API.Controllers.DataSourceController.GetAllDataSources (DataTransfer.API)'
2025-05-09 10:21:22.610 +05:30 [INF] Route matched with {action = "GetAllDataSources", controller = "DataSource"}. Executing controller action with signature System.Threading.Tasks.Task`1[Microsoft.AspNetCore.Mvc.ActionResult`1[System.Collections.Generic.IEnumerable`1[DataTransfer.Application.DTOs.DataSourceDto]]] GetAllDataSources(System.Nullable`1[System.Int32]) on controller DataTransfer.API.Controllers.DataSourceController (DataTransfer.API).
2025-05-09 10:21:23.135 +05:30 [INF] Executed DbCommand (31ms) [Parameters=[@__userId_Value_0='?' (DbType = Int32)], CommandType='"Text"', CommandTimeout='30']
SELECT [d].[DataSourceId], [d].[Authentication], [d].[CreatedDate], [d].[DatasourceName], [d].[DefaultDatabaseName], [d].[Password], [d].[ServerName], [d].[UserId], [d].[UserName]
FROM [DataSource] AS [d]
WHERE [d].[UserId] = @__userId_Value_0
ORDER BY [d].[CreatedDate] DESC
2025-05-09 10:21:23.136 +05:30 [INF] Executing OkObjectResult, writing value of type 'System.Collections.Generic.List`1[[DataTransfer.Application.DTOs.DataSourceDto, DataTransfer.Application, Version=1.0.0.0, Culture=neutral, PublicKeyToken=null]]'.
2025-05-09 10:21:23.140 +05:30 [INF] Executed action DataTransfer.API.Controllers.DataSourceController.GetAllDataSources (DataTransfer.API) in 531.3095ms
2025-05-09 10:21:23.140 +05:30 [INF] Executed endpoint 'DataTransfer.API.Controllers.DataSourceController.GetAllDataSources (DataTransfer.API)'
2025-05-09 10:21:23.141 +05:30 [INF] Request finished HTTP/1.1 GET http://localhost:5191/api/DataSource?userId=41 - 200 null application/json; charset=utf-8 536.2478ms
2025-05-09 10:21:23.275 +05:30 [INF] Executed DbCommand (40ms) [Parameters=[@__userId_Value_0='?' (DbType = Int32)], CommandType='"Text"', CommandTimeout='30']
SELECT [d].[DataSourceId], [d].[Authentication], [d].[CreatedDate], [d].[DatasourceName], [d].[DefaultDatabaseName], [d].[Password], [d].[ServerName], [d].[UserId], [d].[UserName]
FROM [DataSource] AS [d]
WHERE [d].[UserId] = @__userId_Value_0
ORDER BY [d].[CreatedDate] DESC
2025-05-09 10:21:23.276 +05:30 [INF] Executing OkObjectResult, writing value of type 'System.Collections.Generic.List`1[[DataTransfer.Application.DTOs.DataSourceDto, DataTransfer.Application, Version=1.0.0.0, Culture=neutral, PublicKeyToken=null]]'.
2025-05-09 10:21:23.291 +05:30 [INF] Executed action DataTransfer.API.Controllers.DataSourceController.GetAllDataSources (DataTransfer.API) in 680.136ms
2025-05-09 10:21:23.291 +05:30 [INF] Executed endpoint 'DataTransfer.API.Controllers.DataSourceController.GetAllDataSources (DataTransfer.API)'
2025-05-09 10:21:23.291 +05:30 [INF] Request finished HTTP/1.1 GET http://localhost:5191/api/DataSource?userId=41 - 200 null application/json; charset=utf-8 683.5768ms
2025-05-09 10:21:37.381 +05:30 [INF] Request starting HTTP/1.1 OPTIONS http://localhost:5191/api/auth/login - null null
2025-05-09 10:21:37.382 +05:30 [INF] CORS policy execution successful.
2025-05-09 10:21:37.383 +05:30 [INF] Request finished HTTP/1.1 OPTIONS http://localhost:5191/api/auth/login - 204 null null 1.7467ms
2025-05-09 10:21:37.390 +05:30 [INF] Request starting HTTP/1.1 POST http://localhost:5191/api/auth/login - application/json 40
2025-05-09 10:21:37.391 +05:30 [INF] CORS policy execution successful.
2025-05-09 10:21:37.391 +05:30 [INF] Executing endpoint 'DataTransfer.API.Controllers.AuthController.Login (DataTransfer.API)'
2025-05-09 10:21:37.391 +05:30 [INF] Route matched with {action = "Login", controller = "Auth"}. Executing controller action with signature System.Threading.Tasks.Task`1[Microsoft.AspNetCore.Mvc.IActionResult] Login(DataTransfer.Application.DTOs.LoginRequestDto) on controller DataTransfer.API.Controllers.AuthController (DataTransfer.API).
2025-05-09 10:21:37.650 +05:30 [INF] Executing OkObjectResult, writing value of type 'DataTransfer.Application.DTOs.AuthResponseDto'.
2025-05-09 10:21:37.653 +05:30 [INF] Executed action DataTransfer.API.Controllers.AuthController.Login (DataTransfer.API) in 261.3414ms
2025-05-09 10:21:37.653 +05:30 [INF] Executed endpoint 'DataTransfer.API.Controllers.AuthController.Login (DataTransfer.API)'
2025-05-09 10:21:37.653 +05:30 [INF] Request finished HTTP/1.1 POST http://localhost:5191/api/auth/login - 200 null application/json; charset=utf-8 263.1983ms
2025-05-09 10:21:37.676 +05:30 [INF] Request starting HTTP/1.1 OPTIONS http://localhost:5191/api/DataSource?userId=41 - null null
2025-05-09 10:21:37.677 +05:30 [INF] CORS policy execution successful.
2025-05-09 10:21:37.678 +05:30 [INF] Request finished HTTP/1.1 OPTIONS http://localhost:5191/api/DataSource?userId=41 - 204 null null 1.4471ms
2025-05-09 10:21:37.688 +05:30 [INF] Request starting HTTP/1.1 GET http://localhost:5191/api/DataSource?userId=41 - null null
2025-05-09 10:21:37.688 +05:30 [INF] CORS policy execution successful.
2025-05-09 10:21:37.691 +05:30 [INF] Request starting HTTP/1.1 OPTIONS http://localhost:5191/api/DataSource?userId=41 - null null
2025-05-09 10:21:37.691 +05:30 [INF] CORS policy execution successful.
2025-05-09 10:21:37.692 +05:30 [INF] Request finished HTTP/1.1 OPTIONS http://localhost:5191/api/DataSource?userId=41 - 204 null null 1.4684ms
2025-05-09 10:21:37.734 +05:30 [INF] Executing endpoint 'DataTransfer.API.Controllers.DataSourceController.GetAllDataSources (DataTransfer.API)'
2025-05-09 10:21:37.734 +05:30 [INF] Route matched with {action = "GetAllDataSources", controller = "DataSource"}. Executing controller action with signature System.Threading.Tasks.Task`1[Microsoft.AspNetCore.Mvc.ActionResult`1[System.Collections.Generic.IEnumerable`1[DataTransfer.Application.DTOs.DataSourceDto]]] GetAllDataSources(System.Nullable`1[System.Int32]) on controller DataTransfer.API.Controllers.DataSourceController (DataTransfer.API).
2025-05-09 10:21:37.763 +05:30 [INF] Request starting HTTP/1.1 OPTIONS http://localhost:5191/api/DataSource?userId=41 - null null
2025-05-09 10:21:37.763 +05:30 [INF] Request starting HTTP/1.1 GET http://localhost:5191/api/DataSource?userId=41 - null null
2025-05-09 10:21:37.763 +05:30 [INF] CORS policy execution successful.
2025-05-09 10:21:37.763 +05:30 [INF] CORS policy execution successful.
2025-05-09 10:21:37.763 +05:30 [INF] Request finished HTTP/1.1 OPTIONS http://localhost:5191/api/DataSource?userId=41 - 204 null null 0.5901ms
2025-05-09 10:21:37.764 +05:30 [INF] Executing endpoint 'DataTransfer.API.Controllers.DataSourceController.GetAllDataSources (DataTransfer.API)'
2025-05-09 10:21:37.764 +05:30 [INF] Route matched with {action = "GetAllDataSources", controller = "DataSource"}. Executing controller action with signature System.Threading.Tasks.Task`1[Microsoft.AspNetCore.Mvc.ActionResult`1[System.Collections.Generic.IEnumerable`1[DataTransfer.Application.DTOs.DataSourceDto]]] GetAllDataSources(System.Nullable`1[System.Int32]) on controller DataTransfer.API.Controllers.DataSourceController (DataTransfer.API).
2025-05-09 10:21:37.780 +05:30 [INF] Executed DbCommand (41ms) [Parameters=[@__userId_Value_0='?' (DbType = Int32)], CommandType='"Text"', CommandTimeout='30']
SELECT [d].[DataSourceId], [d].[Authentication], [d].[CreatedDate], [d].[DatasourceName], [d].[DefaultDatabaseName], [d].[Password], [d].[ServerName], [d].[UserId], [d].[UserName]
FROM [DataSource] AS [d]
WHERE [d].[UserId] = @__userId_Value_0
ORDER BY [d].[CreatedDate] DESC
2025-05-09 10:21:37.781 +05:30 [INF] Executing OkObjectResult, writing value of type 'System.Collections.Generic.List`1[[DataTransfer.Application.DTOs.DataSourceDto, DataTransfer.Application, Version=1.0.0.0, Culture=neutral, PublicKeyToken=null]]'.
2025-05-09 10:21:37.782 +05:30 [INF] Executed action DataTransfer.API.Controllers.DataSourceController.GetAllDataSources (DataTransfer.API) in 47.7659ms
2025-05-09 10:21:37.782 +05:30 [INF] Executed endpoint 'DataTransfer.API.Controllers.DataSourceController.GetAllDataSources (DataTransfer.API)'
2025-05-09 10:21:37.782 +05:30 [INF] Request finished HTTP/1.1 GET http://localhost:5191/api/DataSource?userId=41 - 200 null application/json; charset=utf-8 94.8776ms
2025-05-09 10:21:37.818 +05:30 [INF] Executed DbCommand (52ms) [Parameters=[@__userId_Value_0='?' (DbType = Int32)], CommandType='"Text"', CommandTimeout='30']
SELECT [d].[DataSourceId], [d].[Authentication], [d].[CreatedDate], [d].[DatasourceName], [d].[DefaultDatabaseName], [d].[Password], [d].[ServerName], [d].[UserId], [d].[UserName]
FROM [DataSource] AS [d]
WHERE [d].[UserId] = @__userId_Value_0
ORDER BY [d].[CreatedDate] DESC
2025-05-09 10:21:37.820 +05:30 [INF] Executing OkObjectResult, writing value of type 'System.Collections.Generic.List`1[[DataTransfer.Application.DTOs.DataSourceDto, DataTransfer.Application, Version=1.0.0.0, Culture=neutral, PublicKeyToken=null]]'.
2025-05-09 10:21:37.860 +05:30 [INF] Executed action DataTransfer.API.Controllers.DataSourceController.GetAllDataSources (DataTransfer.API) in 96.1182ms
2025-05-09 10:21:37.861 +05:30 [INF] Executed endpoint 'DataTransfer.API.Controllers.DataSourceController.GetAllDataSources (DataTransfer.API)'
2025-05-09 10:21:37.861 +05:30 [INF] Request finished HTTP/1.1 GET http://localhost:5191/api/DataSource?userId=41 - 200 null application/json; charset=utf-8 98.6709ms
2025-05-09 10:21:38.031 +05:30 [INF] Request starting HTTP/1.1 GET http://localhost:5191/api/DataSource?userId=41 - null null
2025-05-09 10:21:38.032 +05:30 [INF] CORS policy execution successful.
2025-05-09 10:21:38.033 +05:30 [INF] Executing endpoint 'DataTransfer.API.Controllers.DataSourceController.GetAllDataSources (DataTransfer.API)'
2025-05-09 10:21:38.033 +05:30 [INF] Route matched with {action = "GetAllDataSources", controller = "DataSource"}. Executing controller action with signature System.Threading.Tasks.Task`1[Microsoft.AspNetCore.Mvc.ActionResult`1[System.Collections.Generic.IEnumerable`1[DataTransfer.Application.DTOs.DataSourceDto]]] GetAllDataSources(System.Nullable`1[System.Int32]) on controller DataTransfer.API.Controllers.DataSourceController (DataTransfer.API).
2025-05-09 10:21:38.115 +05:30 [INF] Executed DbCommand (67ms) [Parameters=[@__userId_Value_0='?' (DbType = Int32)], CommandType='"Text"', CommandTimeout='30']
SELECT [d].[DataSourceId], [d].[Authentication], [d].[CreatedDate], [d].[DatasourceName], [d].[DefaultDatabaseName], [d].[Password], [d].[ServerName], [d].[UserId], [d].[UserName]
FROM [DataSource] AS [d]
WHERE [d].[UserId] = @__userId_Value_0
ORDER BY [d].[CreatedDate] DESC
2025-05-09 10:21:38.116 +05:30 [INF] Executing OkObjectResult, writing value of type 'System.Collections.Generic.List`1[[DataTransfer.Application.DTOs.DataSourceDto, DataTransfer.Application, Version=1.0.0.0, Culture=neutral, PublicKeyToken=null]]'.
2025-05-09 10:21:38.120 +05:30 [INF] Executed action DataTransfer.API.Controllers.DataSourceController.GetAllDataSources (DataTransfer.API) in 86.906ms
2025-05-09 10:21:38.120 +05:30 [INF] Executed endpoint 'DataTransfer.API.Controllers.DataSourceController.GetAllDataSources (DataTransfer.API)'
2025-05-09 10:21:38.130 +05:30 [INF] Request finished HTTP/1.1 GET http://localhost:5191/api/DataSource?userId=41 - 200 null application/json; charset=utf-8 109.9471ms
2025-05-09 10:21:42.444 +05:30 [INF] Request starting HTTP/1.1 OPTIONS http://localhost:5191/api/DataSource/190?userId=41 - null null
2025-05-09 10:21:42.445 +05:30 [INF] CORS policy execution successful.
2025-05-09 10:21:42.445 +05:30 [INF] Request finished HTTP/1.1 OPTIONS http://localhost:5191/api/DataSource/190?userId=41 - 204 null null 0.8524ms
2025-05-09 10:21:42.450 +05:30 [INF] Request starting HTTP/1.1 GET http://localhost:5191/api/DataSource/190?userId=41 - null null
2025-05-09 10:21:42.450 +05:30 [INF] CORS policy execution successful.
2025-05-09 10:21:42.451 +05:30 [INF] Executing endpoint 'DataTransfer.API.Controllers.DataSourceController.GetDataSourceById (DataTransfer.API)'
2025-05-09 10:21:42.451 +05:30 [INF] Route matched with {action = "GetDataSourceById", controller = "DataSource"}. Executing controller action with signature System.Threading.Tasks.Task`1[Microsoft.AspNetCore.Mvc.ActionResult`1[DataTransfer.Application.DTOs.DataSourceDto]] GetDataSourceById(Int32) on controller DataTransfer.API.Controllers.DataSourceController (DataTransfer.API).
2025-05-09 10:21:42.481 +05:30 [INF] Executed DbCommand (29ms) [Parameters=[@__id_0='?' (DbType = Int32)], CommandType='"Text"', CommandTimeout='30']
SELECT TOP(1) [d].[DataSourceId], [d].[Authentication], [d].[CreatedDate], [d].[DatasourceName], [d].[DefaultDatabaseName], [d].[Password], [d].[ServerName], [d].[UserId], [d].[UserName]
FROM [DataSource] AS [d]
WHERE [d].[DataSourceId] = @__id_0
2025-05-09 10:21:42.482 +05:30 [INF] Executing OkObjectResult, writing value of type 'DataTransfer.Application.DTOs.DataSourceDto'.
2025-05-09 10:21:42.484 +05:30 [INF] Executed action DataTransfer.API.Controllers.DataSourceController.GetDataSourceById (DataTransfer.API) in 32.9362ms
2025-05-09 10:21:42.484 +05:30 [INF] Executed endpoint 'DataTransfer.API.Controllers.DataSourceController.GetDataSourceById (DataTransfer.API)'
2025-05-09 10:21:42.485 +05:30 [INF] Request finished HTTP/1.1 GET http://localhost:5191/api/DataSource/190?userId=41 - 200 null application/json; charset=utf-8 35.0833ms
2025-05-09 10:21:42.619 +05:30 [INF] Request starting HTTP/1.1 OPTIONS http://localhost:5191/api/Connection/databases - null null
2025-05-09 10:21:42.620 +05:30 [INF] CORS policy execution successful.
2025-05-09 10:21:42.625 +05:30 [INF] Request finished HTTP/1.1 OPTIONS http://localhost:5191/api/Connection/databases - 204 null null 2.9359ms
2025-05-09 10:21:42.690 +05:30 [INF] Request starting HTTP/1.1 POST http://localhost:5191/api/Connection/databases - application/json 132
2025-05-09 10:21:42.691 +05:30 [INF] CORS policy execution successful.
2025-05-09 10:21:42.694 +05:30 [INF] Executing endpoint 'DataTransfer.API.Controllers.ConnectionController.GetDatabases (DataTransfer.API)'
2025-05-09 10:21:42.694 +05:30 [INF] Route matched with {action = "GetDatabases", controller = "Connection"}. Executing controller action with signature System.Threading.Tasks.Task`1[Microsoft.AspNetCore.Mvc.IActionResult] GetDatabases(DataTransfer.API.Models.ConnectionRequestDto) on controller DataTransfer.API.Controllers.ConnectionController (DataTransfer.API).
2025-05-09 10:21:42.894 +05:30 [INF] Executing OkObjectResult, writing value of type 'System.Collections.Generic.List`1[[System.String, System.Private.CoreLib, Version=8.0.0.0, Culture=neutral, PublicKeyToken=7cec85d7bea7798e]]'.
2025-05-09 10:21:42.896 +05:30 [INF] Executed action DataTransfer.API.Controllers.ConnectionController.GetDatabases (DataTransfer.API) in 201.3343ms
2025-05-09 10:21:42.896 +05:30 [INF] Executed endpoint 'DataTransfer.API.Controllers.ConnectionController.GetDatabases (DataTransfer.API)'
2025-05-09 10:21:42.897 +05:30 [INF] Request finished HTTP/1.1 POST http://localhost:5191/api/Connection/databases - 200 null application/json; charset=utf-8 206.6708ms
2025-05-09 10:21:45.735 +05:30 [INF] Request starting HTTP/1.1 OPTIONS http://localhost:5191/api/DataSource/190?userId=41 - null null
2025-05-09 10:21:45.735 +05:30 [INF] CORS policy execution successful.
2025-05-09 10:21:45.736 +05:30 [INF] Request finished HTTP/1.1 OPTIONS http://localhost:5191/api/DataSource/190?userId=41 - 204 null null 1.0907ms
2025-05-09 10:21:45.743 +05:30 [INF] Request starting HTTP/1.1 GET http://localhost:5191/api/DataSource/190?userId=41 - null null
2025-05-09 10:21:45.744 +05:30 [INF] CORS policy execution successful.
2025-05-09 10:21:45.744 +05:30 [INF] Executing endpoint 'DataTransfer.API.Controllers.DataSourceController.GetDataSourceById (DataTransfer.API)'
2025-05-09 10:21:45.745 +05:30 [INF] Route matched with {action = "GetDataSourceById", controller = "DataSource"}. Executing controller action with signature System.Threading.Tasks.Task`1[Microsoft.AspNetCore.Mvc.ActionResult`1[DataTransfer.Application.DTOs.DataSourceDto]] GetDataSourceById(Int32) on controller DataTransfer.API.Controllers.DataSourceController (DataTransfer.API).
2025-05-09 10:21:45.773 +05:30 [INF] Executed DbCommand (26ms) [Parameters=[@__id_0='?' (DbType = Int32)], CommandType='"Text"', CommandTimeout='30']
SELECT TOP(1) [d].[DataSourceId], [d].[Authentication], [d].[CreatedDate], [d].[DatasourceName], [d].[DefaultDatabaseName], [d].[Password], [d].[ServerName], [d].[UserId], [d].[UserName]
FROM [DataSource] AS [d]
WHERE [d].[DataSourceId] = @__id_0
2025-05-09 10:21:45.775 +05:30 [INF] Executing OkObjectResult, writing value of type 'DataTransfer.Application.DTOs.DataSourceDto'.
2025-05-09 10:21:45.776 +05:30 [INF] Executed action DataTransfer.API.Controllers.DataSourceController.GetDataSourceById (DataTransfer.API) in 31.2271ms
2025-05-09 10:21:45.777 +05:30 [INF] Executed endpoint 'DataTransfer.API.Controllers.DataSourceController.GetDataSourceById (DataTransfer.API)'
2025-05-09 10:21:45.778 +05:30 [INF] Request finished HTTP/1.1 GET http://localhost:5191/api/DataSource/190?userId=41 - 200 null application/json; charset=utf-8 34.6225ms
2025-05-09 10:21:45.827 +05:30 [INF] Request starting HTTP/1.1 OPTIONS http://localhost:5191/api/Connection/databases - null null
2025-05-09 10:21:45.827 +05:30 [INF] CORS policy execution successful.
2025-05-09 10:21:45.828 +05:30 [INF] Request finished HTTP/1.1 OPTIONS http://localhost:5191/api/Connection/databases - 204 null null 1.1027ms
2025-05-09 10:21:45.833 +05:30 [INF] Request starting HTTP/1.1 POST http://localhost:5191/api/Connection/databases - application/json 132
2025-05-09 10:21:45.833 +05:30 [INF] CORS policy execution successful.
2025-05-09 10:21:45.834 +05:30 [INF] Executing endpoint 'DataTransfer.API.Controllers.ConnectionController.GetDatabases (DataTransfer.API)'
2025-05-09 10:21:45.834 +05:30 [INF] Route matched with {action = "GetDatabases", controller = "Connection"}. Executing controller action with signature System.Threading.Tasks.Task`1[Microsoft.AspNetCore.Mvc.IActionResult] GetDatabases(DataTransfer.API.Models.ConnectionRequestDto) on controller DataTransfer.API.Controllers.ConnectionController (DataTransfer.API).
2025-05-09 10:21:45.880 +05:30 [INF] Executing OkObjectResult, writing value of type 'System.Collections.Generic.List`1[[System.String, System.Private.CoreLib, Version=8.0.0.0, Culture=neutral, PublicKeyToken=7cec85d7bea7798e]]'.
2025-05-09 10:21:45.883 +05:30 [INF] Executed action DataTransfer.API.Controllers.ConnectionController.GetDatabases (DataTransfer.API) in 48.8915ms
2025-05-09 10:21:45.883 +05:30 [INF] Executed endpoint 'DataTransfer.API.Controllers.ConnectionController.GetDatabases (DataTransfer.API)'
2025-05-09 10:21:45.884 +05:30 [INF] Request finished HTTP/1.1 POST http://localhost:5191/api/Connection/databases - 200 null application/json; charset=utf-8 50.981ms
2025-05-09 10:21:54.466 +05:30 [INF] Request starting HTTP/1.1 OPTIONS http://localhost:5191/api/DataSource/190?userId=41 - null null
2025-05-09 10:21:54.467 +05:30 [INF] CORS policy execution successful.
2025-05-09 10:21:54.467 +05:30 [INF] Request finished HTTP/1.1 OPTIONS http://localhost:5191/api/DataSource/190?userId=41 - 204 null null 1.0398ms
2025-05-09 10:21:54.474 +05:30 [INF] Request starting HTTP/1.1 GET http://localhost:5191/api/DataSource/190?userId=41 - null null
2025-05-09 10:21:54.475 +05:30 [INF] CORS policy execution successful.
2025-05-09 10:21:54.476 +05:30 [INF] Executing endpoint 'DataTransfer.API.Controllers.DataSourceController.GetDataSourceById (DataTransfer.API)'
2025-05-09 10:21:54.476 +05:30 [INF] Route matched with {action = "GetDataSourceById", controller = "DataSource"}. Executing controller action with signature System.Threading.Tasks.Task`1[Microsoft.AspNetCore.Mvc.ActionResult`1[DataTransfer.Application.DTOs.DataSourceDto]] GetDataSourceById(Int32) on controller DataTransfer.API.Controllers.DataSourceController (DataTransfer.API).
2025-05-09 10:21:54.510 +05:30 [INF] Executed DbCommand (30ms) [Parameters=[@__id_0='?' (DbType = Int32)], CommandType='"Text"', CommandTimeout='30']
SELECT TOP(1) [d].[DataSourceId], [d].[Authentication], [d].[CreatedDate], [d].[DatasourceName], [d].[DefaultDatabaseName], [d].[Password], [d].[ServerName], [d].[UserId], [d].[UserName]
FROM [DataSource] AS [d]
WHERE [d].[DataSourceId] = @__id_0
2025-05-09 10:21:54.511 +05:30 [INF] Executing OkObjectResult, writing value of type 'DataTransfer.Application.DTOs.DataSourceDto'.
2025-05-09 10:21:54.512 +05:30 [INF] Executed action DataTransfer.API.Controllers.DataSourceController.GetDataSourceById (DataTransfer.API) in 35.791ms
2025-05-09 10:21:54.513 +05:30 [INF] Executed endpoint 'DataTransfer.API.Controllers.DataSourceController.GetDataSourceById (DataTransfer.API)'
2025-05-09 10:21:54.513 +05:30 [INF] Request finished HTTP/1.1 GET http://localhost:5191/api/DataSource/190?userId=41 - 200 null application/json; charset=utf-8 39.0881ms
2025-05-09 10:21:54.569 +05:30 [INF] Request starting HTTP/1.1 OPTIONS http://localhost:5191/api/Connection/tables - null null
2025-05-09 10:21:54.570 +05:30 [INF] CORS policy execution successful.
2025-05-09 10:21:54.570 +05:30 [INF] Request finished HTTP/1.1 OPTIONS http://localhost:5191/api/Connection/tables - 204 null null 0.897ms
2025-05-09 10:21:54.575 +05:30 [INF] Request starting HTTP/1.1 POST http://localhost:5191/api/Connection/tables - application/json 136
2025-05-09 10:21:54.575 +05:30 [INF] CORS policy execution successful.
2025-05-09 10:21:54.576 +05:30 [INF] Executing endpoint 'DataTransfer.API.Controllers.ConnectionController.GetTables (DataTransfer.API)'
2025-05-09 10:21:54.576 +05:30 [INF] Route matched with {action = "GetTables", controller = "Connection"}. Executing controller action with signature System.Threading.Tasks.Task`1[Microsoft.AspNetCore.Mvc.IActionResult] GetTables(DataTransfer.API.Models.ConnectionRequestDto) on controller DataTransfer.API.Controllers.ConnectionController (DataTransfer.API).
2025-05-09 10:21:54.768 +05:30 [INF] Executing OkObjectResult, writing value of type '<>f__AnonymousType4`3[[System.Boolean, System.Private.CoreLib, Version=8.0.0.0, Culture=neutral, PublicKeyToken=7cec85d7bea7798e],[System.Collections.Generic.List`1[[System.Object, System.Private.CoreLib, Version=8.0.0.0, Culture=neutral, PublicKeyToken=7cec85d7bea7798e]], System.Private.CoreLib, Version=8.0.0.0, Culture=neutral, PublicKeyToken=7cec85d7bea7798e],[System.Int32, System.Private.CoreLib, Version=8.0.0.0, Culture=neutral, PublicKeyToken=7cec85d7bea7798e]]'.
2025-05-09 10:21:54.769 +05:30 [INF] Executed action DataTransfer.API.Controllers.ConnectionController.GetTables (DataTransfer.API) in 193.2001ms
2025-05-09 10:21:54.770 +05:30 [INF] Executed endpoint 'DataTransfer.API.Controllers.ConnectionController.GetTables (DataTransfer.API)'
2025-05-09 10:21:54.770 +05:30 [INF] Request finished HTTP/1.1 POST http://localhost:5191/api/Connection/tables - 200 null application/json; charset=utf-8 195.1984ms
2025-05-09 10:22:03.513 +05:30 [INF] Request starting HTTP/1.1 OPTIONS http://localhost:5191/api/DataSource/190?userId=41 - null null
2025-05-09 10:22:03.514 +05:30 [INF] CORS policy execution successful.
2025-05-09 10:22:03.514 +05:30 [INF] Request finished HTTP/1.1 OPTIONS http://localhost:5191/api/DataSource/190?userId=41 - 204 null null 1.0643ms
2025-05-09 10:22:03.520 +05:30 [INF] Request starting HTTP/1.1 GET http://localhost:5191/api/DataSource/190?userId=41 - null null
2025-05-09 10:22:03.520 +05:30 [INF] CORS policy execution successful.
2025-05-09 10:22:03.521 +05:30 [INF] Executing endpoint 'DataTransfer.API.Controllers.DataSourceController.GetDataSourceById (DataTransfer.API)'
2025-05-09 10:22:03.521 +05:30 [INF] Route matched with {action = "GetDataSourceById", controller = "DataSource"}. Executing controller action with signature System.Threading.Tasks.Task`1[Microsoft.AspNetCore.Mvc.ActionResult`1[DataTransfer.Application.DTOs.DataSourceDto]] GetDataSourceById(Int32) on controller DataTransfer.API.Controllers.DataSourceController (DataTransfer.API).
2025-05-09 10:22:03.553 +05:30 [INF] Executed DbCommand (31ms) [Parameters=[@__id_0='?' (DbType = Int32)], CommandType='"Text"', CommandTimeout='30']
SELECT TOP(1) [d].[DataSourceId], [d].[Authentication], [d].[CreatedDate], [d].[DatasourceName], [d].[DefaultDatabaseName], [d].[Password], [d].[ServerName], [d].[UserId], [d].[UserName]
FROM [DataSource] AS [d]
WHERE [d].[DataSourceId] = @__id_0
2025-05-09 10:22:03.554 +05:30 [INF] Executing OkObjectResult, writing value of type 'DataTransfer.Application.DTOs.DataSourceDto'.
2025-05-09 10:22:03.560 +05:30 [INF] Executed action DataTransfer.API.Controllers.DataSourceController.GetDataSourceById (DataTransfer.API) in 39.1334ms
2025-05-09 10:22:03.560 +05:30 [INF] Executed endpoint 'DataTransfer.API.Controllers.DataSourceController.GetDataSourceById (DataTransfer.API)'
2025-05-09 10:22:03.561 +05:30 [INF] Request finished HTTP/1.1 GET http://localhost:5191/api/DataSource/190?userId=41 - 200 null application/json; charset=utf-8 41.3201ms
2025-05-09 10:22:03.594 +05:30 [INF] Request starting HTTP/1.1 OPTIONS http://localhost:5191/api/Connection/tables - null null
2025-05-09 10:22:03.594 +05:30 [INF] CORS policy execution successful.
2025-05-09 10:22:03.595 +05:30 [INF] Request finished HTTP/1.1 OPTIONS http://localhost:5191/api/Connection/tables - 204 null null 1.3884ms
2025-05-09 10:22:03.600 +05:30 [INF] Request starting HTTP/1.1 POST http://localhost:5191/api/Connection/tables - application/json 136
2025-05-09 10:22:03.601 +05:30 [INF] CORS policy execution successful.
2025-05-09 10:22:03.601 +05:30 [INF] Executing endpoint 'DataTransfer.API.Controllers.ConnectionController.GetTables (DataTransfer.API)'
2025-05-09 10:22:03.602 +05:30 [INF] Route matched with {action = "GetTables", controller = "Connection"}. Executing controller action with signature System.Threading.Tasks.Task`1[Microsoft.AspNetCore.Mvc.IActionResult] GetTables(DataTransfer.API.Models.ConnectionRequestDto) on controller DataTransfer.API.Controllers.ConnectionController (DataTransfer.API).
2025-05-09 10:22:03.637 +05:30 [INF] Executing OkObjectResult, writing value of type '<>f__AnonymousType4`3[[System.Boolean, System.Private.CoreLib, Version=8.0.0.0, Culture=neutral, PublicKeyToken=7cec85d7bea7798e],[System.Collections.Generic.List`1[[System.Object, System.Private.CoreLib, Version=8.0.0.0, Culture=neutral, PublicKeyToken=7cec85d7bea7798e]], System.Private.CoreLib, Version=8.0.0.0, Culture=neutral, PublicKeyToken=7cec85d7bea7798e],[System.Int32, System.Private.CoreLib, Version=8.0.0.0, Culture=neutral, PublicKeyToken=7cec85d7bea7798e]]'.
2025-05-09 10:22:03.641 +05:30 [INF] Executed action DataTransfer.API.Controllers.ConnectionController.GetTables (DataTransfer.API) in 38.6985ms
2025-05-09 10:22:03.641 +05:30 [INF] Executed endpoint 'DataTransfer.API.Controllers.ConnectionController.GetTables (DataTransfer.API)'
2025-05-09 10:22:03.642 +05:30 [INF] Request finished HTTP/1.1 POST http://localhost:5191/api/Connection/tables - 200 null application/json; charset=utf-8 42.0718ms
2025-05-09 10:22:05.664 +05:30 [INF] Request starting HTTP/1.1 OPTIONS http://localhost:5191/api/DataSource/190?userId=41 - null null
2025-05-09 10:22:05.664 +05:30 [INF] CORS policy execution successful.
2025-05-09 10:22:05.665 +05:30 [INF] Request finished HTTP/1.1 OPTIONS http://localhost:5191/api/DataSource/190?userId=41 - 204 null null 1.4631ms
2025-05-09 10:22:05.677 +05:30 [INF] Request starting HTTP/1.1 GET http://localhost:5191/api/DataSource/190?userId=41 - null null
2025-05-09 10:22:05.678 +05:30 [INF] CORS policy execution successful.
2025-05-09 10:22:05.679 +05:30 [INF] Executing endpoint 'DataTransfer.API.Controllers.DataSourceController.GetDataSourceById (DataTransfer.API)'
2025-05-09 10:22:05.679 +05:30 [INF] Route matched with {action = "GetDataSourceById", controller = "DataSource"}. Executing controller action with signature System.Threading.Tasks.Task`1[Microsoft.AspNetCore.Mvc.ActionResult`1[DataTransfer.Application.DTOs.DataSourceDto]] GetDataSourceById(Int32) on controller DataTransfer.API.Controllers.DataSourceController (DataTransfer.API).
2025-05-09 10:22:05.681 +05:30 [INF] Request starting HTTP/1.1 OPTIONS http://localhost:5191/api/DataSource/190?userId=41 - null null
2025-05-09 10:22:05.682 +05:30 [INF] CORS policy execution successful.
2025-05-09 10:22:05.683 +05:30 [INF] Request finished HTTP/1.1 OPTIONS http://localhost:5191/api/DataSource/190?userId=41 - 204 null null 1.8549ms
2025-05-09 10:22:05.705 +05:30 [INF] Request starting HTTP/1.1 GET http://localhost:5191/api/DataSource/190?userId=41 - null null
2025-05-09 10:22:05.706 +05:30 [INF] CORS policy execution successful.
2025-05-09 10:22:05.707 +05:30 [INF] Executing endpoint 'DataTransfer.API.Controllers.DataSourceController.GetDataSourceById (DataTransfer.API)'
2025-05-09 10:22:05.707 +05:30 [INF] Route matched with {action = "GetDataSourceById", controller = "DataSource"}. Executing controller action with signature System.Threading.Tasks.Task`1[Microsoft.AspNetCore.Mvc.ActionResult`1[DataTransfer.Application.DTOs.DataSourceDto]] GetDataSourceById(Int32) on controller DataTransfer.API.Controllers.DataSourceController (DataTransfer.API).
2025-05-09 10:22:05.711 +05:30 [INF] Executed DbCommand (28ms) [Parameters=[@__id_0='?' (DbType = Int32)], CommandType='"Text"', CommandTimeout='30']
SELECT TOP(1) [d].[DataSourceId], [d].[Authentication], [d].[CreatedDate], [d].[DatasourceName], [d].[DefaultDatabaseName], [d].[Password], [d].[ServerName], [d].[UserId], [d].[UserName]
FROM [DataSource] AS [d]
WHERE [d].[DataSourceId] = @__id_0
2025-05-09 10:22:05.717 +05:30 [INF] Executing OkObjectResult, writing value of type 'DataTransfer.Application.DTOs.DataSourceDto'.
2025-05-09 10:22:05.723 +05:30 [INF] Executed action DataTransfer.API.Controllers.DataSourceController.GetDataSourceById (DataTransfer.API) in 43.8413ms
2025-05-09 10:22:05.724 +05:30 [INF] Executed endpoint 'DataTransfer.API.Controllers.DataSourceController.GetDataSourceById (DataTransfer.API)'
2025-05-09 10:22:05.725 +05:30 [INF] Request finished HTTP/1.1 GET http://localhost:5191/api/DataSource/190?userId=41 - 200 null application/json; charset=utf-8 47.0821ms
2025-05-09 10:22:05.748 +05:30 [INF] Executed DbCommand (38ms) [Parameters=[@__id_0='?' (DbType = Int32)], CommandType='"Text"', CommandTimeout='30']
SELECT TOP(1) [d].[DataSourceId], [d].[Authentication], [d].[CreatedDate], [d].[DatasourceName], [d].[DefaultDatabaseName], [d].[Password], [d].[ServerName], [d].[UserId], [d].[UserName]
FROM [DataSource] AS [d]
WHERE [d].[DataSourceId] = @__id_0
2025-05-09 10:22:05.748 +05:30 [INF] Executing OkObjectResult, writing value of type 'DataTransfer.Application.DTOs.DataSourceDto'.
2025-05-09 10:22:05.750 +05:30 [INF] Executed action DataTransfer.API.Controllers.DataSourceController.GetDataSourceById (DataTransfer.API) in 42.0602ms
2025-05-09 10:22:05.750 +05:30 [INF] Executed endpoint 'DataTransfer.API.Controllers.DataSourceController.GetDataSourceById (DataTransfer.API)'
2025-05-09 10:22:05.751 +05:30 [INF] Request finished HTTP/1.1 GET http://localhost:5191/api/DataSource/190?userId=41 - 200 null application/json; charset=utf-8 47.0631ms
2025-05-09 10:22:06.059 +05:30 [INF] Request starting HTTP/1.1 OPTIONS http://localhost:5191/api/Connection/tables - null null
2025-05-09 10:22:06.059 +05:30 [INF] CORS policy execution successful.
2025-05-09 10:22:06.060 +05:30 [INF] Request finished HTTP/1.1 OPTIONS http://localhost:5191/api/Connection/tables - 204 null null 0.5334ms
2025-05-09 10:22:06.064 +05:30 [INF] Request starting HTTP/1.1 POST http://localhost:5191/api/Connection/tables - application/json 136
2025-05-09 10:22:06.065 +05:30 [INF] CORS policy execution successful.
2025-05-09 10:22:06.066 +05:30 [INF] Executing endpoint 'DataTransfer.API.Controllers.ConnectionController.GetTables (DataTransfer.API)'
2025-05-09 10:22:06.067 +05:30 [INF] Route matched with {action = "GetTables", controller = "Connection"}. Executing controller action with signature System.Threading.Tasks.Task`1[Microsoft.AspNetCore.Mvc.IActionResult] GetTables(DataTransfer.API.Models.ConnectionRequestDto) on controller DataTransfer.API.Controllers.ConnectionController (DataTransfer.API).
2025-05-09 10:22:06.083 +05:30 [INF] Request starting HTTP/1.1 OPTIONS http://localhost:5191/api/Connection/tables - null null
2025-05-09 10:22:06.083 +05:30 [INF] CORS policy execution successful.
2025-05-09 10:22:06.084 +05:30 [INF] Request finished HTTP/1.1 OPTIONS http://localhost:5191/api/Connection/tables - 204 null null 0.9095ms
2025-05-09 10:22:06.089 +05:30 [INF] Request starting HTTP/1.1 POST http://localhost:5191/api/Connection/tables - application/json 136
2025-05-09 10:22:06.089 +05:30 [INF] CORS policy execution successful.
2025-05-09 10:22:06.089 +05:30 [INF] Executing endpoint 'DataTransfer.API.Controllers.ConnectionController.GetTables (DataTransfer.API)'
2025-05-09 10:22:06.089 +05:30 [INF] Route matched with {action = "GetTables", controller = "Connection"}. Executing controller action with signature System.Threading.Tasks.Task`1[Microsoft.AspNetCore.Mvc.IActionResult] GetTables(DataTransfer.API.Models.ConnectionRequestDto) on controller DataTransfer.API.Controllers.ConnectionController (DataTransfer.API).
2025-05-09 10:22:06.106 +05:30 [INF] Executing OkObjectResult, writing value of type '<>f__AnonymousType4`3[[System.Boolean, System.Private.CoreLib, Version=8.0.0.0, Culture=neutral, PublicKeyToken=7cec85d7bea7798e],[System.Collections.Generic.List`1[[System.Object, System.Private.CoreLib, Version=8.0.0.0, Culture=neutral, PublicKeyToken=7cec85d7bea7798e]], System.Private.CoreLib, Version=8.0.0.0, Culture=neutral, PublicKeyToken=7cec85d7bea7798e],[System.Int32, System.Private.CoreLib, Version=8.0.0.0, Culture=neutral, PublicKeyToken=7cec85d7bea7798e]]'.
2025-05-09 10:22:06.108 +05:30 [INF] Executed action DataTransfer.API.Controllers.ConnectionController.GetTables (DataTransfer.API) in 41.5967ms
2025-05-09 10:22:06.108 +05:30 [INF] Executed endpoint 'DataTransfer.API.Controllers.ConnectionController.GetTables (DataTransfer.API)'
2025-05-09 10:22:06.109 +05:30 [INF] Request finished HTTP/1.1 POST http://localhost:5191/api/Connection/tables - 200 null application/json; charset=utf-8 44.2106ms
2025-05-09 10:22:06.276 +05:30 [INF] Executing OkObjectResult, writing value of type '<>f__AnonymousType4`3[[System.Boolean, System.Private.CoreLib, Version=8.0.0.0, Culture=neutral, PublicKeyToken=7cec85d7bea7798e],[System.Collections.Generic.List`1[[System.Object, System.Private.CoreLib, Version=8.0.0.0, Culture=neutral, PublicKeyToken=7cec85d7bea7798e]], System.Private.CoreLib, Version=8.0.0.0, Culture=neutral, PublicKeyToken=7cec85d7bea7798e],[System.Int32, System.Private.CoreLib, Version=8.0.0.0, Culture=neutral, PublicKeyToken=7cec85d7bea7798e]]'.
2025-05-09 10:22:06.278 +05:30 [INF] Executed action DataTransfer.API.Controllers.ConnectionController.GetTables (DataTransfer.API) in 188.3051ms
2025-05-09 10:22:06.278 +05:30 [INF] Executed endpoint 'DataTransfer.API.Controllers.ConnectionController.GetTables (DataTransfer.API)'
2025-05-09 10:22:06.279 +05:30 [INF] Request finished HTTP/1.1 POST http://localhost:5191/api/Connection/tables - 200 null application/json; charset=utf-8 190.2557ms
2025-05-09 10:22:16.292 +05:30 [INF] Request starting HTTP/1.1 OPTIONS http://localhost:5191/api/DataSource/190?userId=41 - null null
2025-05-09 10:22:16.293 +05:30 [INF] CORS policy execution successful.
2025-05-09 10:22:16.294 +05:30 [INF] Request finished HTTP/1.1 OPTIONS http://localhost:5191/api/DataSource/190?userId=41 - 204 null null 1.8457ms
2025-05-09 10:22:16.304 +05:30 [INF] Request starting HTTP/1.1 GET http://localhost:5191/api/DataSource/190?userId=41 - null null
2025-05-09 10:22:16.305 +05:30 [INF] Request starting HTTP/1.1 OPTIONS http://localhost:5191/api/DataSource/190?userId=41 - null null
2025-05-09 10:22:16.305 +05:30 [INF] CORS policy execution successful.
2025-05-09 10:22:16.306 +05:30 [INF] Request finished HTTP/1.1 OPTIONS http://localhost:5191/api/DataSource/190?userId=41 - 204 null null 1.662ms
2025-05-09 10:22:16.305 +05:30 [INF] CORS policy execution successful.
2025-05-09 10:22:16.309 +05:30 [INF] Executing endpoint 'DataTransfer.API.Controllers.DataSourceController.GetDataSourceById (DataTransfer.API)'
2025-05-09 10:22:16.309 +05:30 [INF] Route matched with {action = "GetDataSourceById", controller = "DataSource"}. Executing controller action with signature System.Threading.Tasks.Task`1[Microsoft.AspNetCore.Mvc.ActionResult`1[DataTransfer.Application.DTOs.DataSourceDto]] GetDataSourceById(Int32) on controller DataTransfer.API.Controllers.DataSourceController (DataTransfer.API).
2025-05-09 10:22:16.314 +05:30 [INF] Request starting HTTP/1.1 GET http://localhost:5191/api/DataSource/190?userId=41 - null null
2025-05-09 10:22:16.315 +05:30 [INF] Request starting HTTP/1.1 OPTIONS http://localhost:5191/api/Connection/query - null null
2025-05-09 10:22:16.315 +05:30 [INF] CORS policy execution successful.
2025-05-09 10:22:16.316 +05:30 [INF] CORS policy execution successful.
2025-05-09 10:22:16.318 +05:30 [INF] Executing endpoint 'DataTransfer.API.Controllers.DataSourceController.GetDataSourceById (DataTransfer.API)'
2025-05-09 10:22:16.320 +05:30 [INF] Route matched with {action = "GetDataSourceById", controller = "DataSource"}. Executing controller action with signature System.Threading.Tasks.Task`1[Microsoft.AspNetCore.Mvc.ActionResult`1[DataTransfer.Application.DTOs.DataSourceDto]] GetDataSourceById(Int32) on controller DataTransfer.API.Controllers.DataSourceController (DataTransfer.API).
2025-05-09 10:22:16.319 +05:30 [INF] Request finished HTTP/1.1 OPTIONS http://localhost:5191/api/Connection/query - 204 null null 4.3132ms
2025-05-09 10:22:16.330 +05:30 [INF] Request starting HTTP/1.1 POST http://localhost:5191/api/Connection/query - application/json 910
2025-05-09 10:22:16.330 +05:30 [INF] CORS policy execution successful.
2025-05-09 10:22:16.331 +05:30 [INF] Executing endpoint 'DataTransfer.API.Controllers.ConnectionController.ExecuteQuery (DataTransfer.API)'
2025-05-09 10:22:16.331 +05:30 [INF] Route matched with {action = "ExecuteQuery", controller = "Connection"}. Executing controller action with signature System.Threading.Tasks.Task`1[Microsoft.AspNetCore.Mvc.IActionResult] ExecuteQuery(DataTransfer.API.Models.QueryRequestDto) on controller DataTransfer.API.Controllers.ConnectionController (DataTransfer.API).
2025-05-09 10:22:16.345 +05:30 [INF] Executed DbCommand (31ms) [Parameters=[@__id_0='?' (DbType = Int32)], CommandType='"Text"', CommandTimeout='30']
SELECT TOP(1) [d].[DataSourceId], [d].[Authentication], [d].[CreatedDate], [d].[DatasourceName], [d].[DefaultDatabaseName], [d].[Password], [d].[ServerName], [d].[UserId], [d].[UserName]
FROM [DataSource] AS [d]
WHERE [d].[DataSourceId] = @__id_0
2025-05-09 10:22:16.346 +05:30 [INF] Executing OkObjectResult, writing value of type 'DataTransfer.Application.DTOs.DataSourceDto'.
2025-05-09 10:22:16.347 +05:30 [INF] Executed action DataTransfer.API.Controllers.DataSourceController.GetDataSourceById (DataTransfer.API) in 37.8865ms
2025-05-09 10:22:16.348 +05:30 [INF] Executed endpoint 'DataTransfer.API.Controllers.DataSourceController.GetDataSourceById (DataTransfer.API)'
2025-05-09 10:22:16.348 +05:30 [INF] Request finished HTTP/1.1 GET http://localhost:5191/api/DataSource/190?userId=41 - 200 null application/json; charset=utf-8 43.8405ms
2025-05-09 10:22:16.356 +05:30 [INF] Executed DbCommand (25ms) [Parameters=[@__id_0='?' (DbType = Int32)], CommandType='"Text"', CommandTimeout='30']
SELECT TOP(1) [d].[DataSourceId], [d].[Authentication], [d].[CreatedDate], [d].[DatasourceName], [d].[DefaultDatabaseName], [d].[Password], [d].[ServerName], [d].[UserId], [d].[UserName]
FROM [DataSource] AS [d]
WHERE [d].[DataSourceId] = @__id_0
2025-05-09 10:22:16.356 +05:30 [INF] Executing OkObjectResult, writing value of type 'DataTransfer.Application.DTOs.DataSourceDto'.
2025-05-09 10:22:16.358 +05:30 [INF] Executed action DataTransfer.API.Controllers.DataSourceController.GetDataSourceById (DataTransfer.API) in 35.2986ms
2025-05-09 10:22:16.359 +05:30 [INF] Executed endpoint 'DataTransfer.API.Controllers.DataSourceController.GetDataSourceById (DataTransfer.API)'
2025-05-09 10:22:16.359 +05:30 [INF] Request finished HTTP/1.1 GET http://localhost:5191/api/DataSource/190?userId=41 - 200 null application/json; charset=utf-8 44.8243ms
2025-05-09 10:22:16.397 +05:30 [INF] Executing OkObjectResult, writing value of type 'DataTransfer.API.Models.QueryResultDto`1[[System.Object, System.Private.CoreLib, Version=8.0.0.0, Culture=neutral, PublicKeyToken=7cec85d7bea7798e]]'.
2025-05-09 10:22:16.398 +05:30 [INF] Executed action DataTransfer.API.Controllers.ConnectionController.ExecuteQuery (DataTransfer.API) in 66.9109ms
2025-05-09 10:22:16.399 +05:30 [INF] Executed endpoint 'DataTransfer.API.Controllers.ConnectionController.ExecuteQuery (DataTransfer.API)'
2025-05-09 10:22:16.401 +05:30 [INF] Request finished HTTP/1.1 POST http://localhost:5191/api/Connection/query - 200 null application/json; charset=utf-8 71.0655ms
2025-05-09 10:22:16.415 +05:30 [INF] Request starting HTTP/1.1 OPTIONS http://localhost:5191/api/Connection/query - null null
2025-05-09 10:22:16.415 +05:30 [INF] CORS policy execution successful.
2025-05-09 10:22:16.416 +05:30 [INF] Request finished HTTP/1.1 OPTIONS http://localhost:5191/api/Connection/query - 204 null null 0.9127ms
2025-05-09 10:22:16.420 +05:30 [INF] Request starting HTTP/1.1 POST http://localhost:5191/api/Connection/query - application/json 910
2025-05-09 10:22:16.420 +05:30 [INF] CORS policy execution successful.
2025-05-09 10:22:16.421 +05:30 [INF] Executing endpoint 'DataTransfer.API.Controllers.ConnectionController.ExecuteQuery (DataTransfer.API)'
2025-05-09 10:22:16.421 +05:30 [INF] Route matched with {action = "ExecuteQuery", controller = "Connection"}. Executing controller action with signature System.Threading.Tasks.Task`1[Microsoft.AspNetCore.Mvc.IActionResult] ExecuteQuery(DataTransfer.API.Models.QueryRequestDto) on controller DataTransfer.API.Controllers.ConnectionController (DataTransfer.API).
2025-05-09 10:22:16.457 +05:30 [INF] Executing OkObjectResult, writing value of type 'DataTransfer.API.Models.QueryResultDto`1[[System.Object, System.Private.CoreLib, Version=8.0.0.0, Culture=neutral, PublicKeyToken=7cec85d7bea7798e]]'.
2025-05-09 10:22:16.459 +05:30 [INF] Executed action DataTransfer.API.Controllers.ConnectionController.ExecuteQuery (DataTransfer.API) in 37.9979ms
2025-05-09 10:22:16.460 +05:30 [INF] Executed endpoint 'DataTransfer.API.Controllers.ConnectionController.ExecuteQuery (DataTransfer.API)'
2025-05-09 10:22:16.460 +05:30 [INF] Request finished HTTP/1.1 POST http://localhost:5191/api/Connection/query - 200 null application/json; charset=utf-8 40.2776ms
2025-05-09 10:36:17.988 +05:30 [INF] Initializing database...
2025-05-09 10:36:22.295 +05:30 [INF] Executed DbCommand (80ms) [Parameters=[], CommandType='"Text"', CommandTimeout='30']
SELECT 1
2025-05-09 10:36:22.463 +05:30 [INF] Executed DbCommand (77ms) [Parameters=[], CommandType='"Text"', CommandTimeout='30']

IF EXISTS
    (SELECT *
     FROM [sys].[objects] o
     WHERE [o].[type] = 'U'
     AND [o].[is_ms_shipped] = 0
     AND NOT EXISTS (SELECT *
         FROM [sys].[extended_properties] AS [ep]
         WHERE [ep].[major_id] = [o].[object_id]
             AND [ep].[minor_id] = 0
             AND [ep].[class] = 1
             AND [ep].[name] = N'microsoft_database_tools_support'
    )
)
SELECT 1 ELSE SELECT 0
2025-05-09 10:36:22.474 +05:30 [INF] Database initialization completed successfully.
2025-05-09 10:36:22.918 +05:30 [INF] User profile is available. Using 'C:\Users\PrabaharanPalani\AppData\Local\ASP.NET\DataProtection-Keys' as key repository and Windows DPAPI to encrypt keys at rest.
2025-05-09 10:36:23.232 +05:30 [INF] Now listening on: http://localhost:5191
2025-05-09 10:36:23.235 +05:30 [INF] Application started. Press Ctrl+C to shut down.
2025-05-09 10:36:23.237 +05:30 [INF] Hosting environment: Development
2025-05-09 10:36:23.241 +05:30 [INF] Content root path: D:\Praba\AI\ADF\DataTransferApp\DataTransfer.API
2025-05-09 10:36:28.292 +05:30 [INF] Request starting HTTP/1.1 OPTIONS http://localhost:5191/api/DataSource?userId=41 - null null
2025-05-09 10:36:28.291 +05:30 [INF] Request starting HTTP/1.1 OPTIONS http://localhost:5191/api/DataSource?userId=41 - null null
2025-05-09 10:36:28.386 +05:30 [INF] CORS policy execution successful.
2025-05-09 10:36:28.386 +05:30 [INF] CORS policy execution successful.
2025-05-09 10:36:28.469 +05:30 [INF] Request finished HTTP/1.1 OPTIONS http://localhost:5191/api/DataSource?userId=41 - 204 null null 179.9615ms
2025-05-09 10:36:28.469 +05:30 [INF] Request finished HTTP/1.1 OPTIONS http://localhost:5191/api/DataSource?userId=41 - 204 null null 179.9729ms
2025-05-09 10:36:28.490 +05:30 [INF] Request starting HTTP/1.1 GET http://localhost:5191/api/DataSource?userId=41 - null null
2025-05-09 10:36:28.517 +05:30 [INF] CORS policy execution successful.
2025-05-09 10:36:31.567 +05:30 [INF] Executing endpoint 'DataTransfer.API.Controllers.DataSourceController.GetAllDataSources (DataTransfer.API)'
2025-05-09 10:36:31.616 +05:30 [INF] Route matched with {action = "GetAllDataSources", controller = "DataSource"}. Executing controller action with signature System.Threading.Tasks.Task`1[Microsoft.AspNetCore.Mvc.ActionResult`1[System.Collections.Generic.IEnumerable`1[DataTransfer.Application.DTOs.DataSourceDto]]] GetAllDataSources(System.Nullable`1[System.Int32]) on controller DataTransfer.API.Controllers.DataSourceController (DataTransfer.API).
2025-05-09 10:36:32.424 +05:30 [INF] Executed DbCommand (93ms) [Parameters=[@__userId_Value_0='?' (DbType = Int32)], CommandType='"Text"', CommandTimeout='30']
SELECT [d].[DataSourceId], [d].[Authentication], [d].[CreatedDate], [d].[DatasourceName], [d].[DefaultDatabaseName], [d].[Password], [d].[ServerName], [d].[UserId], [d].[UserName]
FROM [DataSource] AS [d]
WHERE [d].[UserId] = @__userId_Value_0
ORDER BY [d].[CreatedDate] DESC
2025-05-09 10:36:32.555 +05:30 [INF] Executing OkObjectResult, writing value of type 'System.Collections.Generic.List`1[[DataTransfer.Application.DTOs.DataSourceDto, DataTransfer.Application, Version=1.0.0.0, Culture=neutral, PublicKeyToken=null]]'.
2025-05-09 10:36:32.622 +05:30 [INF] Request starting HTTP/1.1 GET http://localhost:5191/api/DataSource?userId=41 - null null
2025-05-09 10:36:32.624 +05:30 [INF] Executed action DataTransfer.API.Controllers.DataSourceController.GetAllDataSources (DataTransfer.API) in 997.4677ms
2025-05-09 10:36:32.626 +05:30 [INF] CORS policy execution successful.
2025-05-09 10:36:32.629 +05:30 [INF] Executed endpoint 'DataTransfer.API.Controllers.DataSourceController.GetAllDataSources (DataTransfer.API)'
2025-05-09 10:36:32.631 +05:30 [INF] Executing endpoint 'DataTransfer.API.Controllers.DataSourceController.GetAllDataSources (DataTransfer.API)'
2025-05-09 10:36:32.634 +05:30 [INF] Route matched with {action = "GetAllDataSources", controller = "DataSource"}. Executing controller action with signature System.Threading.Tasks.Task`1[Microsoft.AspNetCore.Mvc.ActionResult`1[System.Collections.Generic.IEnumerable`1[DataTransfer.Application.DTOs.DataSourceDto]]] GetAllDataSources(System.Nullable`1[System.Int32]) on controller DataTransfer.API.Controllers.DataSourceController (DataTransfer.API).
2025-05-09 10:36:32.641 +05:30 [INF] Request finished HTTP/1.1 GET http://localhost:5191/api/DataSource?userId=41 - 200 null application/json; charset=utf-8 4150.2537ms
2025-05-09 10:36:32.778 +05:30 [INF] Executed DbCommand (31ms) [Parameters=[@__userId_Value_0='?' (DbType = Int32)], CommandType='"Text"', CommandTimeout='30']
SELECT [d].[DataSourceId], [d].[Authentication], [d].[CreatedDate], [d].[DatasourceName], [d].[DefaultDatabaseName], [d].[Password], [d].[ServerName], [d].[UserId], [d].[UserName]
FROM [DataSource] AS [d]
WHERE [d].[UserId] = @__userId_Value_0
ORDER BY [d].[CreatedDate] DESC
2025-05-09 10:36:32.783 +05:30 [INF] Executing OkObjectResult, writing value of type 'System.Collections.Generic.List`1[[DataTransfer.Application.DTOs.DataSourceDto, DataTransfer.Application, Version=1.0.0.0, Culture=neutral, PublicKeyToken=null]]'.
2025-05-09 10:36:32.788 +05:30 [INF] Executed action DataTransfer.API.Controllers.DataSourceController.GetAllDataSources (DataTransfer.API) in 149.9275ms
2025-05-09 10:36:32.790 +05:30 [INF] Executed endpoint 'DataTransfer.API.Controllers.DataSourceController.GetAllDataSources (DataTransfer.API)'
2025-05-09 10:36:32.792 +05:30 [INF] Request finished HTTP/1.1 GET http://localhost:5191/api/DataSource?userId=41 - 200 null application/json; charset=utf-8 170.4321ms
2025-05-09 10:37:30.033 +05:30 [INF] Request starting HTTP/1.1 OPTIONS http://localhost:5191/api/auth/login - null null
2025-05-09 10:37:30.044 +05:30 [INF] CORS policy execution successful.
2025-05-09 10:37:30.048 +05:30 [INF] Request finished HTTP/1.1 OPTIONS http://localhost:5191/api/auth/login - 204 null null 14.5137ms
2025-05-09 10:37:30.062 +05:30 [INF] Request starting HTTP/1.1 POST http://localhost:5191/api/auth/login - application/json 40
2025-05-09 10:37:30.074 +05:30 [INF] CORS policy execution successful.
2025-05-09 10:37:30.083 +05:30 [INF] Executing endpoint 'DataTransfer.API.Controllers.AuthController.Login (DataTransfer.API)'
2025-05-09 10:37:30.094 +05:30 [INF] Route matched with {action = "Login", controller = "Auth"}. Executing controller action with signature System.Threading.Tasks.Task`1[Microsoft.AspNetCore.Mvc.IActionResult] Login(DataTransfer.Application.DTOs.LoginRequestDto) on controller DataTransfer.API.Controllers.AuthController (DataTransfer.API).
2025-05-09 10:37:30.582 +05:30 [INF] Executing OkObjectResult, writing value of type 'DataTransfer.Application.DTOs.AuthResponseDto'.
2025-05-09 10:37:30.599 +05:30 [INF] Executed action DataTransfer.API.Controllers.AuthController.Login (DataTransfer.API) in 498.4894ms
2025-05-09 10:37:30.605 +05:30 [INF] Executed endpoint 'DataTransfer.API.Controllers.AuthController.Login (DataTransfer.API)'
2025-05-09 10:37:30.610 +05:30 [INF] Request finished HTTP/1.1 POST http://localhost:5191/api/auth/login - 200 null application/json; charset=utf-8 548.2147ms
2025-05-09 10:37:30.620 +05:30 [INF] Request starting HTTP/1.1 OPTIONS http://localhost:5191/api/DataSource?userId=41 - null null
2025-05-09 10:37:30.620 +05:30 [INF] Request starting HTTP/1.1 OPTIONS http://localhost:5191/api/DataSource?userId=41 - null null
2025-05-09 10:37:30.634 +05:30 [INF] CORS policy execution successful.
2025-05-09 10:37:30.628 +05:30 [INF] CORS policy execution successful.
2025-05-09 10:37:30.637 +05:30 [INF] Request finished HTTP/1.1 OPTIONS http://localhost:5191/api/DataSource?userId=41 - 204 null null 17.0875ms
2025-05-09 10:37:30.640 +05:30 [INF] Request finished HTTP/1.1 OPTIONS http://localhost:5191/api/DataSource?userId=41 - 204 null null 20.3413ms
2025-05-09 10:37:30.660 +05:30 [INF] Request starting HTTP/1.1 GET http://localhost:5191/api/DataSource?userId=41 - null null
2025-05-09 10:37:30.671 +05:30 [INF] CORS policy execution successful.
2025-05-09 10:37:30.676 +05:30 [INF] Executing endpoint 'DataTransfer.API.Controllers.DataSourceController.GetAllDataSources (DataTransfer.API)'
2025-05-09 10:37:30.681 +05:30 [INF] Route matched with {action = "GetAllDataSources", controller = "DataSource"}. Executing controller action with signature System.Threading.Tasks.Task`1[Microsoft.AspNetCore.Mvc.ActionResult`1[System.Collections.Generic.IEnumerable`1[DataTransfer.Application.DTOs.DataSourceDto]]] GetAllDataSources(System.Nullable`1[System.Int32]) on controller DataTransfer.API.Controllers.DataSourceController (DataTransfer.API).
2025-05-09 10:37:30.723 +05:30 [INF] Executed DbCommand (26ms) [Parameters=[@__userId_Value_0='?' (DbType = Int32)], CommandType='"Text"', CommandTimeout='30']
SELECT [d].[DataSourceId], [d].[Authentication], [d].[CreatedDate], [d].[DatasourceName], [d].[DefaultDatabaseName], [d].[Password], [d].[ServerName], [d].[UserId], [d].[UserName]
FROM [DataSource] AS [d]
WHERE [d].[UserId] = @__userId_Value_0
ORDER BY [d].[CreatedDate] DESC
2025-05-09 10:37:30.728 +05:30 [INF] Executing OkObjectResult, writing value of type 'System.Collections.Generic.List`1[[DataTransfer.Application.DTOs.DataSourceDto, DataTransfer.Application, Version=1.0.0.0, Culture=neutral, PublicKeyToken=null]]'.
2025-05-09 10:37:30.733 +05:30 [INF] Executed action DataTransfer.API.Controllers.DataSourceController.GetAllDataSources (DataTransfer.API) in 45.6366ms
2025-05-09 10:37:30.735 +05:30 [INF] Request starting HTTP/1.1 GET http://localhost:5191/api/DataSource?userId=41 - null null
2025-05-09 10:37:30.737 +05:30 [INF] Executed endpoint 'DataTransfer.API.Controllers.DataSourceController.GetAllDataSources (DataTransfer.API)'
2025-05-09 10:37:30.741 +05:30 [INF] CORS policy execution successful.
2025-05-09 10:37:30.742 +05:30 [INF] Request finished HTTP/1.1 GET http://localhost:5191/api/DataSource?userId=41 - 200 null application/json; charset=utf-8 82.0456ms
2025-05-09 10:37:30.745 +05:30 [INF] Executing endpoint 'DataTransfer.API.Controllers.DataSourceController.GetAllDataSources (DataTransfer.API)'
2025-05-09 10:37:30.755 +05:30 [INF] Route matched with {action = "GetAllDataSources", controller = "DataSource"}. Executing controller action with signature System.Threading.Tasks.Task`1[Microsoft.AspNetCore.Mvc.ActionResult`1[System.Collections.Generic.IEnumerable`1[DataTransfer.Application.DTOs.DataSourceDto]]] GetAllDataSources(System.Nullable`1[System.Int32]) on controller DataTransfer.API.Controllers.DataSourceController (DataTransfer.API).
2025-05-09 10:37:30.787 +05:30 [INF] Executed DbCommand (26ms) [Parameters=[@__userId_Value_0='?' (DbType = Int32)], CommandType='"Text"', CommandTimeout='30']
SELECT [d].[DataSourceId], [d].[Authentication], [d].[CreatedDate], [d].[DatasourceName], [d].[DefaultDatabaseName], [d].[Password], [d].[ServerName], [d].[UserId], [d].[UserName]
FROM [DataSource] AS [d]
WHERE [d].[UserId] = @__userId_Value_0
ORDER BY [d].[CreatedDate] DESC
2025-05-09 10:37:30.802 +05:30 [INF] Executing OkObjectResult, writing value of type 'System.Collections.Generic.List`1[[DataTransfer.Application.DTOs.DataSourceDto, DataTransfer.Application, Version=1.0.0.0, Culture=neutral, PublicKeyToken=null]]'.
2025-05-09 10:37:30.807 +05:30 [INF] Executed action DataTransfer.API.Controllers.DataSourceController.GetAllDataSources (DataTransfer.API) in 48.8836ms
2025-05-09 10:37:30.809 +05:30 [INF] Request starting HTTP/1.1 GET http://localhost:5191/api/DataSource?userId=41 - null null
2025-05-09 10:37:30.812 +05:30 [INF] Executed endpoint 'DataTransfer.API.Controllers.DataSourceController.GetAllDataSources (DataTransfer.API)'
2025-05-09 10:37:30.820 +05:30 [INF] CORS policy execution successful.
2025-05-09 10:37:30.823 +05:30 [INF] Request finished HTTP/1.1 GET http://localhost:5191/api/DataSource?userId=41 - 200 null application/json; charset=utf-8 88.4503ms
2025-05-09 10:37:30.826 +05:30 [INF] Executing endpoint 'DataTransfer.API.Controllers.DataSourceController.GetAllDataSources (DataTransfer.API)'
2025-05-09 10:37:30.842 +05:30 [INF] Route matched with {action = "GetAllDataSources", controller = "DataSource"}. Executing controller action with signature System.Threading.Tasks.Task`1[Microsoft.AspNetCore.Mvc.ActionResult`1[System.Collections.Generic.IEnumerable`1[DataTransfer.Application.DTOs.DataSourceDto]]] GetAllDataSources(System.Nullable`1[System.Int32]) on controller DataTransfer.API.Controllers.DataSourceController (DataTransfer.API).
2025-05-09 10:37:30.878 +05:30 [INF] Executed DbCommand (26ms) [Parameters=[@__userId_Value_0='?' (DbType = Int32)], CommandType='"Text"', CommandTimeout='30']
SELECT [d].[DataSourceId], [d].[Authentication], [d].[CreatedDate], [d].[DatasourceName], [d].[DefaultDatabaseName], [d].[Password], [d].[ServerName], [d].[UserId], [d].[UserName]
FROM [DataSource] AS [d]
WHERE [d].[UserId] = @__userId_Value_0
ORDER BY [d].[CreatedDate] DESC
2025-05-09 10:37:30.888 +05:30 [INF] Executing OkObjectResult, writing value of type 'System.Collections.Generic.List`1[[DataTransfer.Application.DTOs.DataSourceDto, DataTransfer.Application, Version=1.0.0.0, Culture=neutral, PublicKeyToken=null]]'.
2025-05-09 10:37:30.891 +05:30 [INF] Executed action DataTransfer.API.Controllers.DataSourceController.GetAllDataSources (DataTransfer.API) in 42.5018ms
2025-05-09 10:37:30.892 +05:30 [INF] Executed endpoint 'DataTransfer.API.Controllers.DataSourceController.GetAllDataSources (DataTransfer.API)'
2025-05-09 10:37:30.894 +05:30 [INF] Request starting HTTP/1.1 GET http://localhost:5191/api/DataSource?userId=41 - null null
2025-05-09 10:37:30.895 +05:30 [INF] Request finished HTTP/1.1 GET http://localhost:5191/api/DataSource?userId=41 - 200 null application/json; charset=utf-8 85.9339ms
2025-05-09 10:37:30.904 +05:30 [INF] CORS policy execution successful.
2025-05-09 10:37:30.918 +05:30 [INF] Executing endpoint 'DataTransfer.API.Controllers.DataSourceController.GetAllDataSources (DataTransfer.API)'
2025-05-09 10:37:30.921 +05:30 [INF] Route matched with {action = "GetAllDataSources", controller = "DataSource"}. Executing controller action with signature System.Threading.Tasks.Task`1[Microsoft.AspNetCore.Mvc.ActionResult`1[System.Collections.Generic.IEnumerable`1[DataTransfer.Application.DTOs.DataSourceDto]]] GetAllDataSources(System.Nullable`1[System.Int32]) on controller DataTransfer.API.Controllers.DataSourceController (DataTransfer.API).
2025-05-09 10:37:30.951 +05:30 [INF] Executed DbCommand (26ms) [Parameters=[@__userId_Value_0='?' (DbType = Int32)], CommandType='"Text"', CommandTimeout='30']
SELECT [d].[DataSourceId], [d].[Authentication], [d].[CreatedDate], [d].[DatasourceName], [d].[DefaultDatabaseName], [d].[Password], [d].[ServerName], [d].[UserId], [d].[UserName]
FROM [DataSource] AS [d]
WHERE [d].[UserId] = @__userId_Value_0
ORDER BY [d].[CreatedDate] DESC
2025-05-09 10:37:30.960 +05:30 [INF] Executing OkObjectResult, writing value of type 'System.Collections.Generic.List`1[[DataTransfer.Application.DTOs.DataSourceDto, DataTransfer.Application, Version=1.0.0.0, Culture=neutral, PublicKeyToken=null]]'.
2025-05-09 10:37:30.966 +05:30 [INF] Executed action DataTransfer.API.Controllers.DataSourceController.GetAllDataSources (DataTransfer.API) in 42.165ms
2025-05-09 10:37:30.971 +05:30 [INF] Executed endpoint 'DataTransfer.API.Controllers.DataSourceController.GetAllDataSources (DataTransfer.API)'
2025-05-09 10:37:30.973 +05:30 [INF] Request finished HTTP/1.1 GET http://localhost:5191/api/DataSource?userId=41 - 200 null application/json; charset=utf-8 79.5707ms
2025-05-09 10:37:35.104 +05:30 [INF] Request starting HTTP/1.1 OPTIONS http://localhost:5191/api/DataSource/190?userId=41 - null null
2025-05-09 10:37:35.123 +05:30 [INF] CORS policy execution successful.
2025-05-09 10:37:35.131 +05:30 [INF] Request finished HTTP/1.1 OPTIONS http://localhost:5191/api/DataSource/190?userId=41 - 204 null null 27.2246ms
2025-05-09 10:37:35.155 +05:30 [INF] Request starting HTTP/1.1 GET http://localhost:5191/api/DataSource/190?userId=41 - null null
2025-05-09 10:37:35.179 +05:30 [INF] CORS policy execution successful.
2025-05-09 10:37:35.187 +05:30 [INF] Executing endpoint 'DataTransfer.API.Controllers.DataSourceController.GetDataSourceById (DataTransfer.API)'
2025-05-09 10:37:35.277 +05:30 [INF] Route matched with {action = "GetDataSourceById", controller = "DataSource"}. Executing controller action with signature System.Threading.Tasks.Task`1[Microsoft.AspNetCore.Mvc.ActionResult`1[DataTransfer.Application.DTOs.DataSourceDto]] GetDataSourceById(Int32) on controller DataTransfer.API.Controllers.DataSourceController (DataTransfer.API).
2025-05-09 10:37:35.366 +05:30 [INF] Executed DbCommand (26ms) [Parameters=[@__id_0='?' (DbType = Int32)], CommandType='"Text"', CommandTimeout='30']
SELECT TOP(1) [d].[DataSourceId], [d].[Authentication], [d].[CreatedDate], [d].[DatasourceName], [d].[DefaultDatabaseName], [d].[Password], [d].[ServerName], [d].[UserId], [d].[UserName]
FROM [DataSource] AS [d]
WHERE [d].[DataSourceId] = @__id_0
2025-05-09 10:37:35.379 +05:30 [INF] Executing OkObjectResult, writing value of type 'DataTransfer.Application.DTOs.DataSourceDto'.
2025-05-09 10:37:35.385 +05:30 [INF] Executed action DataTransfer.API.Controllers.DataSourceController.GetDataSourceById (DataTransfer.API) in 79.8389ms
2025-05-09 10:37:35.390 +05:30 [INF] Executed endpoint 'DataTransfer.API.Controllers.DataSourceController.GetDataSourceById (DataTransfer.API)'
2025-05-09 10:37:35.394 +05:30 [INF] Request finished HTTP/1.1 GET http://localhost:5191/api/DataSource/190?userId=41 - 200 null application/json; charset=utf-8 238.4821ms
2025-05-09 10:37:35.442 +05:30 [INF] Request starting HTTP/1.1 OPTIONS http://localhost:5191/api/Connection/databases - null null
2025-05-09 10:37:35.455 +05:30 [INF] CORS policy execution successful.
2025-05-09 10:37:35.459 +05:30 [INF] Request finished HTTP/1.1 OPTIONS http://localhost:5191/api/Connection/databases - 204 null null 16.6182ms
2025-05-09 10:37:35.480 +05:30 [INF] Request starting HTTP/1.1 POST http://localhost:5191/api/Connection/databases - application/json 132
2025-05-09 10:37:35.501 +05:30 [INF] CORS policy execution successful.
2025-05-09 10:37:35.509 +05:30 [INF] Executing endpoint 'DataTransfer.API.Controllers.ConnectionController.GetDatabases (DataTransfer.API)'
2025-05-09 10:37:35.540 +05:30 [INF] Route matched with {action = "GetDatabases", controller = "Connection"}. Executing controller action with signature System.Threading.Tasks.Task`1[Microsoft.AspNetCore.Mvc.IActionResult] GetDatabases(DataTransfer.API.Models.ConnectionRequestDto) on controller DataTransfer.API.Controllers.ConnectionController (DataTransfer.API).
2025-05-09 10:37:35.805 +05:30 [INF] Executing OkObjectResult, writing value of type 'System.Collections.Generic.List`1[[System.String, System.Private.CoreLib, Version=8.0.0.0, Culture=neutral, PublicKeyToken=7cec85d7bea7798e]]'.
2025-05-09 10:37:35.809 +05:30 [INF] Executed action DataTransfer.API.Controllers.ConnectionController.GetDatabases (DataTransfer.API) in 257.5143ms
2025-05-09 10:37:35.812 +05:30 [INF] Executed endpoint 'DataTransfer.API.Controllers.ConnectionController.GetDatabases (DataTransfer.API)'
2025-05-09 10:37:35.815 +05:30 [INF] Request finished HTTP/1.1 POST http://localhost:5191/api/Connection/databases - 200 null application/json; charset=utf-8 336.2496ms
2025-05-09 10:37:37.906 +05:30 [INF] Request starting HTTP/1.1 GET http://localhost:5191/api/DataSource/190?userId=41 - null null
2025-05-09 10:37:37.922 +05:30 [INF] CORS policy execution successful.
2025-05-09 10:37:37.928 +05:30 [INF] Executing endpoint 'DataTransfer.API.Controllers.DataSourceController.GetDataSourceById (DataTransfer.API)'
2025-05-09 10:37:37.935 +05:30 [INF] Route matched with {action = "GetDataSourceById", controller = "DataSource"}. Executing controller action with signature System.Threading.Tasks.Task`1[Microsoft.AspNetCore.Mvc.ActionResult`1[DataTransfer.Application.DTOs.DataSourceDto]] GetDataSourceById(Int32) on controller DataTransfer.API.Controllers.DataSourceController (DataTransfer.API).
2025-05-09 10:37:37.984 +05:30 [INF] Executed DbCommand (28ms) [Parameters=[@__id_0='?' (DbType = Int32)], CommandType='"Text"', CommandTimeout='30']
SELECT TOP(1) [d].[DataSourceId], [d].[Authentication], [d].[CreatedDate], [d].[DatasourceName], [d].[DefaultDatabaseName], [d].[Password], [d].[ServerName], [d].[UserId], [d].[UserName]
FROM [DataSource] AS [d]
WHERE [d].[DataSourceId] = @__id_0
2025-05-09 10:37:38.006 +05:30 [INF] Executing OkObjectResult, writing value of type 'DataTransfer.Application.DTOs.DataSourceDto'.
2025-05-09 10:37:38.014 +05:30 [INF] Executed action DataTransfer.API.Controllers.DataSourceController.GetDataSourceById (DataTransfer.API) in 63.3631ms
2025-05-09 10:37:38.022 +05:30 [INF] Executed endpoint 'DataTransfer.API.Controllers.DataSourceController.GetDataSourceById (DataTransfer.API)'
2025-05-09 10:37:38.031 +05:30 [INF] Request finished HTTP/1.1 GET http://localhost:5191/api/DataSource/190?userId=41 - 200 null application/json; charset=utf-8 124.3054ms
2025-05-09 10:37:38.109 +05:30 [INF] Request starting HTTP/1.1 POST http://localhost:5191/api/Connection/databases - application/json 132
2025-05-09 10:37:38.124 +05:30 [INF] CORS policy execution successful.
2025-05-09 10:37:38.127 +05:30 [INF] Executing endpoint 'DataTransfer.API.Controllers.ConnectionController.GetDatabases (DataTransfer.API)'
2025-05-09 10:37:38.135 +05:30 [INF] Route matched with {action = "GetDatabases", controller = "Connection"}. Executing controller action with signature System.Threading.Tasks.Task`1[Microsoft.AspNetCore.Mvc.IActionResult] GetDatabases(DataTransfer.API.Models.ConnectionRequestDto) on controller DataTransfer.API.Controllers.ConnectionController (DataTransfer.API).
2025-05-09 10:37:38.187 +05:30 [INF] Executing OkObjectResult, writing value of type 'System.Collections.Generic.List`1[[System.String, System.Private.CoreLib, Version=8.0.0.0, Culture=neutral, PublicKeyToken=7cec85d7bea7798e]]'.
2025-05-09 10:37:38.195 +05:30 [INF] Executed action DataTransfer.API.Controllers.ConnectionController.GetDatabases (DataTransfer.API) in 48.9753ms
2025-05-09 10:37:38.204 +05:30 [INF] Executed endpoint 'DataTransfer.API.Controllers.ConnectionController.GetDatabases (DataTransfer.API)'
2025-05-09 10:37:38.210 +05:30 [INF] Request finished HTTP/1.1 POST http://localhost:5191/api/Connection/databases - 200 null application/json; charset=utf-8 101.0344ms
2025-05-09 10:37:46.493 +05:30 [INF] Request starting HTTP/1.1 OPTIONS http://localhost:5191/api/DataSource/190?userId=41 - null null
2025-05-09 10:37:46.510 +05:30 [INF] CORS policy execution successful.
2025-05-09 10:37:46.520 +05:30 [INF] Request finished HTTP/1.1 OPTIONS http://localhost:5191/api/DataSource/190?userId=41 - 204 null null 26.8756ms
2025-05-09 10:37:46.540 +05:30 [INF] Request starting HTTP/1.1 GET http://localhost:5191/api/DataSource/190?userId=41 - null null
2025-05-09 10:37:46.560 +05:30 [INF] CORS policy execution successful.
2025-05-09 10:37:46.568 +05:30 [INF] Executing endpoint 'DataTransfer.API.Controllers.DataSourceController.GetDataSourceById (DataTransfer.API)'
2025-05-09 10:37:46.576 +05:30 [INF] Route matched with {action = "GetDataSourceById", controller = "DataSource"}. Executing controller action with signature System.Threading.Tasks.Task`1[Microsoft.AspNetCore.Mvc.ActionResult`1[DataTransfer.Application.DTOs.DataSourceDto]] GetDataSourceById(Int32) on controller DataTransfer.API.Controllers.DataSourceController (DataTransfer.API).
2025-05-09 10:37:46.625 +05:30 [INF] Executed DbCommand (28ms) [Parameters=[@__id_0='?' (DbType = Int32)], CommandType='"Text"', CommandTimeout='30']
SELECT TOP(1) [d].[DataSourceId], [d].[Authentication], [d].[CreatedDate], [d].[DatasourceName], [d].[DefaultDatabaseName], [d].[Password], [d].[ServerName], [d].[UserId], [d].[UserName]
FROM [DataSource] AS [d]
WHERE [d].[DataSourceId] = @__id_0
2025-05-09 10:37:46.643 +05:30 [INF] Executing OkObjectResult, writing value of type 'DataTransfer.Application.DTOs.DataSourceDto'.
2025-05-09 10:37:46.654 +05:30 [INF] Executed action DataTransfer.API.Controllers.DataSourceController.GetDataSourceById (DataTransfer.API) in 64.7457ms
2025-05-09 10:37:46.664 +05:30 [INF] Executed endpoint 'DataTransfer.API.Controllers.DataSourceController.GetDataSourceById (DataTransfer.API)'
2025-05-09 10:37:46.675 +05:30 [INF] Request finished HTTP/1.1 GET http://localhost:5191/api/DataSource/190?userId=41 - 200 null application/json; charset=utf-8 134.3329ms
2025-05-09 10:37:46.723 +05:30 [INF] Request starting HTTP/1.1 OPTIONS http://localhost:5191/api/Connection/tables - null null
2025-05-09 10:37:46.740 +05:30 [INF] CORS policy execution successful.
2025-05-09 10:37:46.746 +05:30 [INF] Request finished HTTP/1.1 OPTIONS http://localhost:5191/api/Connection/tables - 204 null null 23.0542ms
2025-05-09 10:37:46.759 +05:30 [INF] Request starting HTTP/1.1 POST http://localhost:5191/api/Connection/tables - application/json 136
2025-05-09 10:37:46.772 +05:30 [INF] CORS policy execution successful.
2025-05-09 10:37:46.776 +05:30 [INF] Executing endpoint 'DataTransfer.API.Controllers.ConnectionController.GetTables (DataTransfer.API)'
2025-05-09 10:37:46.799 +05:30 [INF] Route matched with {action = "GetTables", controller = "Connection"}. Executing controller action with signature System.Threading.Tasks.Task`1[Microsoft.AspNetCore.Mvc.IActionResult] GetTables(DataTransfer.API.Models.ConnectionRequestDto) on controller DataTransfer.API.Controllers.ConnectionController (DataTransfer.API).
2025-05-09 10:37:47.039 +05:30 [INF] Executing OkObjectResult, writing value of type '<>f__AnonymousType4`3[[System.Boolean, System.Private.CoreLib, Version=8.0.0.0, Culture=neutral, PublicKeyToken=7cec85d7bea7798e],[System.Collections.Generic.List`1[[System.Object, System.Private.CoreLib, Version=8.0.0.0, Culture=neutral, PublicKeyToken=7cec85d7bea7798e]], System.Private.CoreLib, Version=8.0.0.0, Culture=neutral, PublicKeyToken=7cec85d7bea7798e],[System.Int32, System.Private.CoreLib, Version=8.0.0.0, Culture=neutral, PublicKeyToken=7cec85d7bea7798e]]'.
2025-05-09 10:37:47.087 +05:30 [INF] Executed action DataTransfer.API.Controllers.ConnectionController.GetTables (DataTransfer.API) in 277.5754ms
2025-05-09 10:37:47.098 +05:30 [INF] Executed endpoint 'DataTransfer.API.Controllers.ConnectionController.GetTables (DataTransfer.API)'
2025-05-09 10:37:47.105 +05:30 [INF] Request finished HTTP/1.1 POST http://localhost:5191/api/Connection/tables - 200 null application/json; charset=utf-8 345.6338ms
2025-05-09 10:37:55.211 +05:30 [INF] Request starting HTTP/1.1 OPTIONS http://localhost:5191/api/DataSource/190?userId=41 - null null
2025-05-09 10:37:55.216 +05:30 [INF] CORS policy execution successful.
2025-05-09 10:37:55.223 +05:30 [INF] Request finished HTTP/1.1 OPTIONS http://localhost:5191/api/DataSource/190?userId=41 - 204 null null 12.3583ms
2025-05-09 10:37:55.237 +05:30 [INF] Request starting HTTP/1.1 GET http://localhost:5191/api/DataSource/190?userId=41 - null null
2025-05-09 10:37:55.246 +05:30 [INF] CORS policy execution successful.
2025-05-09 10:37:55.252 +05:30 [INF] Executing endpoint 'DataTransfer.API.Controllers.DataSourceController.GetDataSourceById (DataTransfer.API)'
2025-05-09 10:37:55.259 +05:30 [INF] Route matched with {action = "GetDataSourceById", controller = "DataSource"}. Executing controller action with signature System.Threading.Tasks.Task`1[Microsoft.AspNetCore.Mvc.ActionResult`1[DataTransfer.Application.DTOs.DataSourceDto]] GetDataSourceById(Int32) on controller DataTransfer.API.Controllers.DataSourceController (DataTransfer.API).
2025-05-09 10:37:55.299 +05:30 [INF] Executed DbCommand (29ms) [Parameters=[@__id_0='?' (DbType = Int32)], CommandType='"Text"', CommandTimeout='30']
SELECT TOP(1) [d].[DataSourceId], [d].[Authentication], [d].[CreatedDate], [d].[DatasourceName], [d].[DefaultDatabaseName], [d].[Password], [d].[ServerName], [d].[UserId], [d].[UserName]
FROM [DataSource] AS [d]
WHERE [d].[DataSourceId] = @__id_0
2025-05-09 10:37:55.311 +05:30 [INF] Executing OkObjectResult, writing value of type 'DataTransfer.Application.DTOs.DataSourceDto'.
2025-05-09 10:37:55.320 +05:30 [INF] Executed action DataTransfer.API.Controllers.DataSourceController.GetDataSourceById (DataTransfer.API) in 52.5929ms
2025-05-09 10:37:55.327 +05:30 [INF] Executed endpoint 'DataTransfer.API.Controllers.DataSourceController.GetDataSourceById (DataTransfer.API)'
2025-05-09 10:37:55.335 +05:30 [INF] Request finished HTTP/1.1 GET http://localhost:5191/api/DataSource/190?userId=41 - 200 null application/json; charset=utf-8 97.3831ms
2025-05-09 10:37:55.379 +05:30 [INF] Request starting HTTP/1.1 OPTIONS http://localhost:5191/api/Connection/tables - null null
2025-05-09 10:37:55.389 +05:30 [INF] CORS policy execution successful.
2025-05-09 10:37:55.392 +05:30 [INF] Request finished HTTP/1.1 OPTIONS http://localhost:5191/api/Connection/tables - 204 null null 12.6666ms
2025-05-09 10:37:55.403 +05:30 [INF] Request starting HTTP/1.1 POST http://localhost:5191/api/Connection/tables - application/json 136
2025-05-09 10:37:55.406 +05:30 [INF] CORS policy execution successful.
2025-05-09 10:37:55.408 +05:30 [INF] Executing endpoint 'DataTransfer.API.Controllers.ConnectionController.GetTables (DataTransfer.API)'
2025-05-09 10:37:55.413 +05:30 [INF] Route matched with {action = "GetTables", controller = "Connection"}. Executing controller action with signature System.Threading.Tasks.Task`1[Microsoft.AspNetCore.Mvc.IActionResult] GetTables(DataTransfer.API.Models.ConnectionRequestDto) on controller DataTransfer.API.Controllers.ConnectionController (DataTransfer.API).
2025-05-09 10:37:55.467 +05:30 [INF] Executing OkObjectResult, writing value of type '<>f__AnonymousType4`3[[System.Boolean, System.Private.CoreLib, Version=8.0.0.0, Culture=neutral, PublicKeyToken=7cec85d7bea7798e],[System.Collections.Generic.List`1[[System.Object, System.Private.CoreLib, Version=8.0.0.0, Culture=neutral, PublicKeyToken=7cec85d7bea7798e]], System.Private.CoreLib, Version=8.0.0.0, Culture=neutral, PublicKeyToken=7cec85d7bea7798e],[System.Int32, System.Private.CoreLib, Version=8.0.0.0, Culture=neutral, PublicKeyToken=7cec85d7bea7798e]]'.
2025-05-09 10:37:55.475 +05:30 [INF] Executed action DataTransfer.API.Controllers.ConnectionController.GetTables (DataTransfer.API) in 55.5365ms
2025-05-09 10:37:55.485 +05:30 [INF] Executed endpoint 'DataTransfer.API.Controllers.ConnectionController.GetTables (DataTransfer.API)'
2025-05-09 10:37:55.490 +05:30 [INF] Request finished HTTP/1.1 POST http://localhost:5191/api/Connection/tables - 200 null application/json; charset=utf-8 86.5964ms
2025-05-09 10:37:58.715 +05:30 [INF] Request starting HTTP/1.1 GET http://localhost:5191/api/DataSource/190?userId=41 - null null
2025-05-09 10:37:58.728 +05:30 [INF] CORS policy execution successful.
2025-05-09 10:37:58.736 +05:30 [INF] Executing endpoint 'DataTransfer.API.Controllers.DataSourceController.GetDataSourceById (DataTransfer.API)'
2025-05-09 10:37:58.743 +05:30 [INF] Route matched with {action = "GetDataSourceById", controller = "DataSource"}. Executing controller action with signature System.Threading.Tasks.Task`1[Microsoft.AspNetCore.Mvc.ActionResult`1[DataTransfer.Application.DTOs.DataSourceDto]] GetDataSourceById(Int32) on controller DataTransfer.API.Controllers.DataSourceController (DataTransfer.API).
2025-05-09 10:37:58.788 +05:30 [INF] Executed DbCommand (29ms) [Parameters=[@__id_0='?' (DbType = Int32)], CommandType='"Text"', CommandTimeout='30']
SELECT TOP(1) [d].[DataSourceId], [d].[Authentication], [d].[CreatedDate], [d].[DatasourceName], [d].[DefaultDatabaseName], [d].[Password], [d].[ServerName], [d].[UserId], [d].[UserName]
FROM [DataSource] AS [d]
WHERE [d].[DataSourceId] = @__id_0
2025-05-09 10:37:58.800 +05:30 [INF] Executing OkObjectResult, writing value of type 'DataTransfer.Application.DTOs.DataSourceDto'.
2025-05-09 10:37:58.806 +05:30 [INF] Executed action DataTransfer.API.Controllers.DataSourceController.GetDataSourceById (DataTransfer.API) in 50.0851ms
2025-05-09 10:37:58.812 +05:30 [INF] Executed endpoint 'DataTransfer.API.Controllers.DataSourceController.GetDataSourceById (DataTransfer.API)'
2025-05-09 10:37:58.812 +05:30 [INF] Request starting HTTP/1.1 GET http://localhost:5191/api/DataSource/190?userId=41 - null null
2025-05-09 10:37:58.817 +05:30 [INF] Request finished HTTP/1.1 GET http://localhost:5191/api/DataSource/190?userId=41 - 200 null application/json; charset=utf-8 101.8606ms
2025-05-09 10:37:58.827 +05:30 [INF] CORS policy execution successful.
2025-05-09 10:37:58.841 +05:30 [INF] Executing endpoint 'DataTransfer.API.Controllers.DataSourceController.GetDataSourceById (DataTransfer.API)'
2025-05-09 10:37:58.845 +05:30 [INF] Route matched with {action = "GetDataSourceById", controller = "DataSource"}. Executing controller action with signature System.Threading.Tasks.Task`1[Microsoft.AspNetCore.Mvc.ActionResult`1[DataTransfer.Application.DTOs.DataSourceDto]] GetDataSourceById(Int32) on controller DataTransfer.API.Controllers.DataSourceController (DataTransfer.API).
2025-05-09 10:37:58.879 +05:30 [INF] Executed DbCommand (27ms) [Parameters=[@__id_0='?' (DbType = Int32)], CommandType='"Text"', CommandTimeout='30']
SELECT TOP(1) [d].[DataSourceId], [d].[Authentication], [d].[CreatedDate], [d].[DatasourceName], [d].[DefaultDatabaseName], [d].[Password], [d].[ServerName], [d].[UserId], [d].[UserName]
FROM [DataSource] AS [d]
WHERE [d].[DataSourceId] = @__id_0
2025-05-09 10:37:58.888 +05:30 [INF] Executing OkObjectResult, writing value of type 'DataTransfer.Application.DTOs.DataSourceDto'.
2025-05-09 10:37:58.894 +05:30 [INF] Executed action DataTransfer.API.Controllers.DataSourceController.GetDataSourceById (DataTransfer.API) in 44.6984ms
2025-05-09 10:37:58.899 +05:30 [INF] Executed endpoint 'DataTransfer.API.Controllers.DataSourceController.GetDataSourceById (DataTransfer.API)'
2025-05-09 10:37:58.902 +05:30 [INF] Request finished HTTP/1.1 GET http://localhost:5191/api/DataSource/190?userId=41 - 200 null application/json; charset=utf-8 89.9272ms
2025-05-09 10:37:59.051 +05:30 [INF] Request starting HTTP/1.1 POST http://localhost:5191/api/Connection/tables - application/json 136
2025-05-09 10:37:59.055 +05:30 [INF] CORS policy execution successful.
2025-05-09 10:37:59.058 +05:30 [INF] Executing endpoint 'DataTransfer.API.Controllers.ConnectionController.GetTables (DataTransfer.API)'
2025-05-09 10:37:59.062 +05:30 [INF] Route matched with {action = "GetTables", controller = "Connection"}. Executing controller action with signature System.Threading.Tasks.Task`1[Microsoft.AspNetCore.Mvc.IActionResult] GetTables(DataTransfer.API.Models.ConnectionRequestDto) on controller DataTransfer.API.Controllers.ConnectionController (DataTransfer.API).
2025-05-09 10:37:59.067 +05:30 [INF] Request starting HTTP/1.1 POST http://localhost:5191/api/Connection/tables - application/json 136
2025-05-09 10:37:59.072 +05:30 [INF] CORS policy execution successful.
2025-05-09 10:37:59.074 +05:30 [INF] Executing endpoint 'DataTransfer.API.Controllers.ConnectionController.GetTables (DataTransfer.API)'
2025-05-09 10:37:59.079 +05:30 [INF] Route matched with {action = "GetTables", controller = "Connection"}. Executing controller action with signature System.Threading.Tasks.Task`1[Microsoft.AspNetCore.Mvc.IActionResult] GetTables(DataTransfer.API.Models.ConnectionRequestDto) on controller DataTransfer.API.Controllers.ConnectionController (DataTransfer.API).
2025-05-09 10:37:59.099 +05:30 [INF] Executing OkObjectResult, writing value of type '<>f__AnonymousType4`3[[System.Boolean, System.Private.CoreLib, Version=8.0.0.0, Culture=neutral, PublicKeyToken=7cec85d7bea7798e],[System.Collections.Generic.List`1[[System.Object, System.Private.CoreLib, Version=8.0.0.0, Culture=neutral, PublicKeyToken=7cec85d7bea7798e]], System.Private.CoreLib, Version=8.0.0.0, Culture=neutral, PublicKeyToken=7cec85d7bea7798e],[System.Int32, System.Private.CoreLib, Version=8.0.0.0, Culture=neutral, PublicKeyToken=7cec85d7bea7798e]]'.
2025-05-09 10:37:59.102 +05:30 [INF] Executed action DataTransfer.API.Controllers.ConnectionController.GetTables (DataTransfer.API) in 35.2054ms
2025-05-09 10:37:59.106 +05:30 [INF] Executed endpoint 'DataTransfer.API.Controllers.ConnectionController.GetTables (DataTransfer.API)'
2025-05-09 10:37:59.109 +05:30 [INF] Request finished HTTP/1.1 POST http://localhost:5191/api/Connection/tables - 200 null application/json; charset=utf-8 56.6391ms
2025-05-09 10:37:59.272 +05:30 [INF] Executing OkObjectResult, writing value of type '<>f__AnonymousType4`3[[System.Boolean, System.Private.CoreLib, Version=8.0.0.0, Culture=neutral, PublicKeyToken=7cec85d7bea7798e],[System.Collections.Generic.List`1[[System.Object, System.Private.CoreLib, Version=8.0.0.0, Culture=neutral, PublicKeyToken=7cec85d7bea7798e]], System.Private.CoreLib, Version=8.0.0.0, Culture=neutral, PublicKeyToken=7cec85d7bea7798e],[System.Int32, System.Private.CoreLib, Version=8.0.0.0, Culture=neutral, PublicKeyToken=7cec85d7bea7798e]]'.
2025-05-09 10:37:59.280 +05:30 [INF] Executed action DataTransfer.API.Controllers.ConnectionController.GetTables (DataTransfer.API) in 195.373ms
2025-05-09 10:37:59.285 +05:30 [INF] Executed endpoint 'DataTransfer.API.Controllers.ConnectionController.GetTables (DataTransfer.API)'
2025-05-09 10:37:59.290 +05:30 [INF] Request finished HTTP/1.1 POST http://localhost:5191/api/Connection/tables - 200 null application/json; charset=utf-8 222.5223ms
2025-05-09 10:38:07.388 +05:30 [INF] Request starting HTTP/1.1 OPTIONS http://localhost:5191/api/DataSource/190?userId=41 - null null
2025-05-09 10:38:07.389 +05:30 [INF] Request starting HTTP/1.1 OPTIONS http://localhost:5191/api/DataSource/190?userId=41 - null null
2025-05-09 10:38:07.390 +05:30 [INF] Request starting HTTP/1.1 OPTIONS http://localhost:5191/api/Connection/query - null null
2025-05-09 10:38:07.397 +05:30 [INF] CORS policy execution successful.
2025-05-09 10:38:07.404 +05:30 [INF] CORS policy execution successful.
2025-05-09 10:38:07.412 +05:30 [INF] CORS policy execution successful.
2025-05-09 10:38:07.415 +05:30 [INF] Request finished HTTP/1.1 OPTIONS http://localhost:5191/api/DataSource/190?userId=41 - 204 null null 27.6164ms
2025-05-09 10:38:07.419 +05:30 [INF] Request finished HTTP/1.1 OPTIONS http://localhost:5191/api/DataSource/190?userId=41 - 204 null null 29.8731ms
2025-05-09 10:38:07.423 +05:30 [INF] Request finished HTTP/1.1 OPTIONS http://localhost:5191/api/Connection/query - 204 null null 33.0846ms
2025-05-09 10:38:07.440 +05:30 [INF] Request starting HTTP/1.1 GET http://localhost:5191/api/DataSource/190?userId=41 - null null
2025-05-09 10:38:07.485 +05:30 [INF] Request starting HTTP/1.1 POST http://localhost:5191/api/Connection/query - application/json 910
2025-05-09 10:38:07.500 +05:30 [INF] CORS policy execution successful.
2025-05-09 10:38:07.516 +05:30 [INF] CORS policy execution successful.
2025-05-09 10:38:07.521 +05:30 [INF] Executing endpoint 'DataTransfer.API.Controllers.DataSourceController.GetDataSourceById (DataTransfer.API)'
2025-05-09 10:38:07.524 +05:30 [INF] Executing endpoint 'DataTransfer.API.Controllers.ConnectionController.ExecuteQuery (DataTransfer.API)'
2025-05-09 10:38:07.530 +05:30 [INF] Route matched with {action = "GetDataSourceById", controller = "DataSource"}. Executing controller action with signature System.Threading.Tasks.Task`1[Microsoft.AspNetCore.Mvc.ActionResult`1[DataTransfer.Application.DTOs.DataSourceDto]] GetDataSourceById(Int32) on controller DataTransfer.API.Controllers.DataSourceController (DataTransfer.API).
2025-05-09 10:38:07.547 +05:30 [INF] Route matched with {action = "ExecuteQuery", controller = "Connection"}. Executing controller action with signature System.Threading.Tasks.Task`1[Microsoft.AspNetCore.Mvc.IActionResult] ExecuteQuery(DataTransfer.API.Models.QueryRequestDto) on controller DataTransfer.API.Controllers.ConnectionController (DataTransfer.API).
2025-05-09 10:38:07.575 +05:30 [INF] Executed DbCommand (28ms) [Parameters=[@__id_0='?' (DbType = Int32)], CommandType='"Text"', CommandTimeout='30']
SELECT TOP(1) [d].[DataSourceId], [d].[Authentication], [d].[CreatedDate], [d].[DatasourceName], [d].[DefaultDatabaseName], [d].[Password], [d].[ServerName], [d].[UserId], [d].[UserName]
FROM [DataSource] AS [d]
WHERE [d].[DataSourceId] = @__id_0
2025-05-09 10:38:07.586 +05:30 [INF] Executing OkObjectResult, writing value of type 'DataTransfer.Application.DTOs.DataSourceDto'.
2025-05-09 10:38:07.592 +05:30 [INF] Executed action DataTransfer.API.Controllers.DataSourceController.GetDataSourceById (DataTransfer.API) in 49.4833ms
2025-05-09 10:38:07.595 +05:30 [INF] Request starting HTTP/1.1 GET http://localhost:5191/api/DataSource/190?userId=41 - null null
2025-05-09 10:38:07.598 +05:30 [INF] Executed endpoint 'DataTransfer.API.Controllers.DataSourceController.GetDataSourceById (DataTransfer.API)'
2025-05-09 10:38:07.601 +05:30 [INF] Executing OkObjectResult, writing value of type 'DataTransfer.API.Models.QueryResultDto`1[[System.Object, System.Private.CoreLib, Version=8.0.0.0, Culture=neutral, PublicKeyToken=7cec85d7bea7798e]]'.
2025-05-09 10:38:07.606 +05:30 [INF] CORS policy execution successful.
2025-05-09 10:38:07.611 +05:30 [INF] Request finished HTTP/1.1 GET http://localhost:5191/api/DataSource/190?userId=41 - 200 null application/json; charset=utf-8 171.0987ms
2025-05-09 10:38:07.620 +05:30 [INF] Executing endpoint 'DataTransfer.API.Controllers.DataSourceController.GetDataSourceById (DataTransfer.API)'
2025-05-09 10:38:07.633 +05:30 [INF] Route matched with {action = "GetDataSourceById", controller = "DataSource"}. Executing controller action with signature System.Threading.Tasks.Task`1[Microsoft.AspNetCore.Mvc.ActionResult`1[DataTransfer.Application.DTOs.DataSourceDto]] GetDataSourceById(Int32) on controller DataTransfer.API.Controllers.DataSourceController (DataTransfer.API).
2025-05-09 10:38:07.668 +05:30 [INF] Executed action DataTransfer.API.Controllers.ConnectionController.ExecuteQuery (DataTransfer.API) in 114.3007ms
2025-05-09 10:38:07.669 +05:30 [INF] Executed DbCommand (25ms) [Parameters=[@__id_0='?' (DbType = Int32)], CommandType='"Text"', CommandTimeout='30']
SELECT TOP(1) [d].[DataSourceId], [d].[Authentication], [d].[CreatedDate], [d].[DatasourceName], [d].[DefaultDatabaseName], [d].[Password], [d].[ServerName], [d].[UserId], [d].[UserName]
FROM [DataSource] AS [d]
WHERE [d].[DataSourceId] = @__id_0
2025-05-09 10:38:07.672 +05:30 [INF] Executed endpoint 'DataTransfer.API.Controllers.ConnectionController.ExecuteQuery (DataTransfer.API)'
2025-05-09 10:38:07.680 +05:30 [INF] Executing OkObjectResult, writing value of type 'DataTransfer.Application.DTOs.DataSourceDto'.
2025-05-09 10:38:07.682 +05:30 [INF] Request finished HTTP/1.1 POST http://localhost:5191/api/Connection/query - 200 null application/json; charset=utf-8 197.4414ms
2025-05-09 10:38:07.686 +05:30 [INF] Executed action DataTransfer.API.Controllers.DataSourceController.GetDataSourceById (DataTransfer.API) in 45.4662ms
2025-05-09 10:38:07.694 +05:30 [INF] Request starting HTTP/1.1 POST http://localhost:5191/api/Connection/query - application/json 910
2025-05-09 10:38:07.697 +05:30 [INF] Executed endpoint 'DataTransfer.API.Controllers.DataSourceController.GetDataSourceById (DataTransfer.API)'
2025-05-09 10:38:07.704 +05:30 [INF] CORS policy execution successful.
2025-05-09 10:38:07.707 +05:30 [INF] Request finished HTTP/1.1 GET http://localhost:5191/api/DataSource/190?userId=41 - 200 null application/json; charset=utf-8 112.0827ms
2025-05-09 10:38:07.710 +05:30 [INF] Executing endpoint 'DataTransfer.API.Controllers.ConnectionController.ExecuteQuery (DataTransfer.API)'
2025-05-09 10:38:07.721 +05:30 [INF] Route matched with {action = "ExecuteQuery", controller = "Connection"}. Executing controller action with signature System.Threading.Tasks.Task`1[Microsoft.AspNetCore.Mvc.IActionResult] ExecuteQuery(DataTransfer.API.Models.QueryRequestDto) on controller DataTransfer.API.Controllers.ConnectionController (DataTransfer.API).
2025-05-09 10:38:07.782 +05:30 [INF] Executing OkObjectResult, writing value of type 'DataTransfer.API.Models.QueryResultDto`1[[System.Object, System.Private.CoreLib, Version=8.0.0.0, Culture=neutral, PublicKeyToken=7cec85d7bea7798e]]'.
2025-05-09 10:38:07.788 +05:30 [INF] Executed action DataTransfer.API.Controllers.ConnectionController.ExecuteQuery (DataTransfer.API) in 61.4095ms
2025-05-09 10:38:07.794 +05:30 [INF] Executed endpoint 'DataTransfer.API.Controllers.ConnectionController.ExecuteQuery (DataTransfer.API)'
2025-05-09 10:38:07.798 +05:30 [INF] Request finished HTTP/1.1 POST http://localhost:5191/api/Connection/query - 200 null application/json; charset=utf-8 103.0952ms
2025-05-09 10:38:15.068 +05:30 [INF] Request starting HTTP/1.1 OPTIONS http://localhost:5191/api/DataSource/190?userId=41 - null null
2025-05-09 10:38:15.068 +05:30 [INF] Request starting HTTP/1.1 OPTIONS http://localhost:5191/api/Connection/query - null null
2025-05-09 10:38:15.068 +05:30 [INF] Request starting HTTP/1.1 OPTIONS http://localhost:5191/api/DataSource/190?userId=41 - null null
2025-05-09 10:38:15.083 +05:30 [INF] CORS policy execution successful.
2025-05-09 10:38:15.096 +05:30 [INF] CORS policy execution successful.
2025-05-09 10:38:15.108 +05:30 [INF] CORS policy execution successful.
2025-05-09 10:38:15.114 +05:30 [INF] Request finished HTTP/1.1 OPTIONS http://localhost:5191/api/DataSource/190?userId=41 - 204 null null 46.1649ms
2025-05-09 10:38:15.119 +05:30 [INF] Request finished HTTP/1.1 OPTIONS http://localhost:5191/api/Connection/query - 204 null null 51.2104ms
2025-05-09 10:38:15.123 +05:30 [INF] Request finished HTTP/1.1 OPTIONS http://localhost:5191/api/DataSource/190?userId=41 - 204 null null 55.1958ms
2025-05-09 10:38:15.142 +05:30 [INF] Request starting HTTP/1.1 GET http://localhost:5191/api/DataSource/190?userId=41 - null null
2025-05-09 10:38:15.159 +05:30 [INF] Request starting HTTP/1.1 POST http://localhost:5191/api/Connection/query - application/json 910
2025-05-09 10:38:15.183 +05:30 [INF] CORS policy execution successful.
2025-05-09 10:38:15.195 +05:30 [INF] CORS policy execution successful.
2025-05-09 10:38:15.198 +05:30 [INF] Executing endpoint 'DataTransfer.API.Controllers.DataSourceController.GetDataSourceById (DataTransfer.API)'
2025-05-09 10:38:15.201 +05:30 [INF] Executing endpoint 'DataTransfer.API.Controllers.ConnectionController.ExecuteQuery (DataTransfer.API)'
2025-05-09 10:38:15.206 +05:30 [INF] Route matched with {action = "GetDataSourceById", controller = "DataSource"}. Executing controller action with signature System.Threading.Tasks.Task`1[Microsoft.AspNetCore.Mvc.ActionResult`1[DataTransfer.Application.DTOs.DataSourceDto]] GetDataSourceById(Int32) on controller DataTransfer.API.Controllers.DataSourceController (DataTransfer.API).
2025-05-09 10:38:15.210 +05:30 [INF] Route matched with {action = "ExecuteQuery", controller = "Connection"}. Executing controller action with signature System.Threading.Tasks.Task`1[Microsoft.AspNetCore.Mvc.IActionResult] ExecuteQuery(DataTransfer.API.Models.QueryRequestDto) on controller DataTransfer.API.Controllers.ConnectionController (DataTransfer.API).
2025-05-09 10:38:15.249 +05:30 [INF] Executed DbCommand (28ms) [Parameters=[@__id_0='?' (DbType = Int32)], CommandType='"Text"', CommandTimeout='30']
SELECT TOP(1) [d].[DataSourceId], [d].[Authentication], [d].[CreatedDate], [d].[DatasourceName], [d].[DefaultDatabaseName], [d].[Password], [d].[ServerName], [d].[UserId], [d].[UserName]
FROM [DataSource] AS [d]
WHERE [d].[DataSourceId] = @__id_0
2025-05-09 10:38:15.257 +05:30 [INF] Executing OkObjectResult, writing value of type 'DataTransfer.API.Models.QueryResultDto`1[[System.Object, System.Private.CoreLib, Version=8.0.0.0, Culture=neutral, PublicKeyToken=7cec85d7bea7798e]]'.
2025-05-09 10:38:15.259 +05:30 [INF] Executing OkObjectResult, writing value of type 'DataTransfer.Application.DTOs.DataSourceDto'.
2025-05-09 10:38:15.261 +05:30 [INF] Executed action DataTransfer.API.Controllers.ConnectionController.ExecuteQuery (DataTransfer.API) in 36.8655ms
2025-05-09 10:38:15.266 +05:30 [INF] Executed action DataTransfer.API.Controllers.DataSourceController.GetDataSourceById (DataTransfer.API) in 48.922ms
2025-05-09 10:38:15.268 +05:30 [INF] Request starting HTTP/1.1 GET http://localhost:5191/api/DataSource/190?userId=41 - null null
2025-05-09 10:38:15.271 +05:30 [INF] Executed endpoint 'DataTransfer.API.Controllers.ConnectionController.ExecuteQuery (DataTransfer.API)'
2025-05-09 10:38:15.275 +05:30 [INF] Executed endpoint 'DataTransfer.API.Controllers.DataSourceController.GetDataSourceById (DataTransfer.API)'
2025-05-09 10:38:15.281 +05:30 [INF] CORS policy execution successful.
2025-05-09 10:38:15.285 +05:30 [INF] Request finished HTTP/1.1 POST http://localhost:5191/api/Connection/query - 200 null application/json; charset=utf-8 125.9528ms
2025-05-09 10:38:15.288 +05:30 [INF] Request finished HTTP/1.1 GET http://localhost:5191/api/DataSource/190?userId=41 - 200 null application/json; charset=utf-8 145.7839ms
2025-05-09 10:38:15.290 +05:30 [INF] Executing endpoint 'DataTransfer.API.Controllers.DataSourceController.GetDataSourceById (DataTransfer.API)'
2025-05-09 10:38:15.297 +05:30 [INF] Request starting HTTP/1.1 POST http://localhost:5191/api/Connection/query - application/json 910
2025-05-09 10:38:15.307 +05:30 [INF] Route matched with {action = "GetDataSourceById", controller = "DataSource"}. Executing controller action with signature System.Threading.Tasks.Task`1[Microsoft.AspNetCore.Mvc.ActionResult`1[DataTransfer.Application.DTOs.DataSourceDto]] GetDataSourceById(Int32) on controller DataTransfer.API.Controllers.DataSourceController (DataTransfer.API).
2025-05-09 10:38:15.312 +05:30 [INF] CORS policy execution successful.
2025-05-09 10:38:15.319 +05:30 [INF] Executing endpoint 'DataTransfer.API.Controllers.ConnectionController.ExecuteQuery (DataTransfer.API)'
2025-05-09 10:38:15.322 +05:30 [INF] Route matched with {action = "ExecuteQuery", controller = "Connection"}. Executing controller action with signature System.Threading.Tasks.Task`1[Microsoft.AspNetCore.Mvc.IActionResult] ExecuteQuery(DataTransfer.API.Models.QueryRequestDto) on controller DataTransfer.API.Controllers.ConnectionController (DataTransfer.API).
2025-05-09 10:38:15.345 +05:30 [INF] Executed DbCommand (27ms) [Parameters=[@__id_0='?' (DbType = Int32)], CommandType='"Text"', CommandTimeout='30']
SELECT TOP(1) [d].[DataSourceId], [d].[Authentication], [d].[CreatedDate], [d].[DatasourceName], [d].[DefaultDatabaseName], [d].[Password], [d].[ServerName], [d].[UserId], [d].[UserName]
FROM [DataSource] AS [d]
WHERE [d].[DataSourceId] = @__id_0
2025-05-09 10:38:15.350 +05:30 [INF] Executing OkObjectResult, writing value of type 'DataTransfer.Application.DTOs.DataSourceDto'.
2025-05-09 10:38:15.352 +05:30 [INF] Executed action DataTransfer.API.Controllers.DataSourceController.GetDataSourceById (DataTransfer.API) in 36.2511ms
2025-05-09 10:38:15.356 +05:30 [INF] Executed endpoint 'DataTransfer.API.Controllers.DataSourceController.GetDataSourceById (DataTransfer.API)'
2025-05-09 10:38:15.359 +05:30 [INF] Executing OkObjectResult, writing value of type 'DataTransfer.API.Models.QueryResultDto`1[[System.Object, System.Private.CoreLib, Version=8.0.0.0, Culture=neutral, PublicKeyToken=7cec85d7bea7798e]]'.
2025-05-09 10:38:15.360 +05:30 [INF] Request finished HTTP/1.1 GET http://localhost:5191/api/DataSource/190?userId=41 - 200 null application/json; charset=utf-8 92.0636ms
2025-05-09 10:38:15.364 +05:30 [INF] Executed action DataTransfer.API.Controllers.ConnectionController.ExecuteQuery (DataTransfer.API) in 36.3835ms
2025-05-09 10:38:15.375 +05:30 [INF] Executed endpoint 'DataTransfer.API.Controllers.ConnectionController.ExecuteQuery (DataTransfer.API)'
2025-05-09 10:38:15.378 +05:30 [INF] Request finished HTTP/1.1 POST http://localhost:5191/api/Connection/query - 200 null application/json; charset=utf-8 81.0565ms
