2025-05-05 14:48:15.050 +05:30 [INF] Now listening on: http://localhost:5191
2025-05-05 14:48:15.161 +05:30 [INF] Application started. Press Ctrl+C to shut down.
2025-05-05 14:48:15.167 +05:30 [INF] Hosting environment: Development
2025-05-05 14:48:15.170 +05:30 [INF] Content root path: D:\Praba\AI\ADF\DataTransferApp\DataTransfer.API
2025-05-05 14:51:29.564 +05:30 [INF] Request starting HTTP/1.1 GET http://localhost:5191/ - null null
2025-05-05 14:51:29.626 +05:30 [WRN] Failed to determine the https port for redirect.
2025-05-05 14:51:29.752 +05:30 [INF] Request finished HTTP/1.1 GET http://localhost:5191/ - 404 0 null 189.8632ms
2025-05-05 14:51:29.777 +05:30 [INF] Request reached the end of the middleware pipeline without being handled by application code. Request path: GET http://localhost:5191/, Response status code: 404
2025-05-05 14:51:42.055 +05:30 [INF] Request starting HTTP/1.1 GET http://localhost:5191/ - null null
2025-05-05 14:51:42.077 +05:30 [INF] Request finished HTTP/1.1 GET http://localhost:5191/ - 404 0 null 21.8106ms
2025-05-05 14:51:42.092 +05:30 [INF] Request reached the end of the middleware pipeline without being handled by application code. Request path: GET http://localhost:5191/, Response status code: 404
2025-05-05 14:51:45.366 +05:30 [INF] Request starting HTTP/1.1 GET http://localhost:5191/ - null null
2025-05-05 14:51:45.376 +05:30 [INF] Request finished HTTP/1.1 GET http://localhost:5191/ - 404 0 null 9.6395ms
2025-05-05 14:51:45.396 +05:30 [INF] Request reached the end of the middleware pipeline without being handled by application code. Request path: GET http://localhost:5191/, Response status code: 404
2025-05-05 14:51:46.518 +05:30 [INF] Request starting HTTP/1.1 GET http://localhost:5191/ - null null
2025-05-05 14:51:46.529 +05:30 [INF] Request finished HTTP/1.1 GET http://localhost:5191/ - 404 0 null 10.7021ms
2025-05-05 14:51:46.544 +05:30 [INF] Request reached the end of the middleware pipeline without being handled by application code. Request path: GET http://localhost:5191/, Response status code: 404
2025-05-05 14:51:46.745 +05:30 [INF] Request starting HTTP/1.1 GET http://localhost:5191/ - null null
2025-05-05 14:51:46.765 +05:30 [INF] Request finished HTTP/1.1 GET http://localhost:5191/ - 404 0 null 19.0427ms
2025-05-05 14:51:46.790 +05:30 [INF] Request reached the end of the middleware pipeline without being handled by application code. Request path: GET http://localhost:5191/, Response status code: 404
2025-05-05 14:51:46.984 +05:30 [INF] Request starting HTTP/1.1 GET http://localhost:5191/ - null null
2025-05-05 14:51:47.006 +05:30 [INF] Request finished HTTP/1.1 GET http://localhost:5191/ - 404 0 null 21.4098ms
2025-05-05 14:51:47.023 +05:30 [INF] Request reached the end of the middleware pipeline without being handled by application code. Request path: GET http://localhost:5191/, Response status code: 404
2025-05-05 14:51:56.466 +05:30 [INF] Request starting HTTP/1.1 GET http://localhost:5191/ - null null
2025-05-05 14:51:56.492 +05:30 [INF] Request finished HTTP/1.1 GET http://localhost:5191/ - 404 0 null 25.8291ms
2025-05-05 14:51:56.515 +05:30 [INF] Request reached the end of the middleware pipeline without being handled by application code. Request path: GET http://localhost:5191/, Response status code: 404
2025-05-05 14:51:58.403 +05:30 [INF] Request starting HTTP/1.1 GET http://localhost:5191/ - null null
2025-05-05 14:51:58.420 +05:30 [INF] Request finished HTTP/1.1 GET http://localhost:5191/ - 404 0 null 16.6983ms
2025-05-05 14:51:58.441 +05:30 [INF] Request reached the end of the middleware pipeline without being handled by application code. Request path: GET http://localhost:5191/, Response status code: 404
2025-05-05 14:51:58.629 +05:30 [INF] Request starting HTTP/1.1 GET http://localhost:5191/ - null null
2025-05-05 14:51:58.647 +05:30 [INF] Request finished HTTP/1.1 GET http://localhost:5191/ - 404 0 null 17.6349ms
2025-05-05 14:51:58.676 +05:30 [INF] Request reached the end of the middleware pipeline without being handled by application code. Request path: GET http://localhost:5191/, Response status code: 404
2025-05-05 14:51:58.853 +05:30 [INF] Request starting HTTP/1.1 GET http://localhost:5191/ - null null
2025-05-05 14:51:58.877 +05:30 [INF] Request finished HTTP/1.1 GET http://localhost:5191/ - 404 0 null 22.5683ms
2025-05-05 14:51:58.899 +05:30 [INF] Request reached the end of the middleware pipeline without being handled by application code. Request path: GET http://localhost:5191/, Response status code: 404
2025-05-05 14:51:59.095 +05:30 [INF] Request starting HTTP/1.1 GET http://localhost:5191/ - null null
2025-05-05 14:51:59.111 +05:30 [INF] Request finished HTTP/1.1 GET http://localhost:5191/ - 404 0 null 15.5279ms
2025-05-05 14:51:59.129 +05:30 [INF] Request reached the end of the middleware pipeline without being handled by application code. Request path: GET http://localhost:5191/, Response status code: 404
2025-05-05 14:51:59.282 +05:30 [INF] Request starting HTTP/1.1 GET http://localhost:5191/ - null null
2025-05-05 14:51:59.296 +05:30 [INF] Request finished HTTP/1.1 GET http://localhost:5191/ - 404 0 null 13.418ms
2025-05-05 14:51:59.320 +05:30 [INF] Request reached the end of the middleware pipeline without being handled by application code. Request path: GET http://localhost:5191/, Response status code: 404
2025-05-05 14:51:59.515 +05:30 [INF] Request starting HTTP/1.1 GET http://localhost:5191/ - null null
2025-05-05 14:51:59.530 +05:30 [INF] Request finished HTTP/1.1 GET http://localhost:5191/ - 404 0 null 15.3027ms
2025-05-05 14:51:59.567 +05:30 [INF] Request reached the end of the middleware pipeline without being handled by application code. Request path: GET http://localhost:5191/, Response status code: 404
2025-05-05 14:51:59.739 +05:30 [INF] Request starting HTTP/1.1 GET http://localhost:5191/ - null null
2025-05-05 14:51:59.758 +05:30 [INF] Request finished HTTP/1.1 GET http://localhost:5191/ - 404 0 null 18.6519ms
2025-05-05 14:51:59.777 +05:30 [INF] Request reached the end of the middleware pipeline without being handled by application code. Request path: GET http://localhost:5191/, Response status code: 404
2025-05-05 14:51:59.944 +05:30 [INF] Request starting HTTP/1.1 GET http://localhost:5191/ - null null
2025-05-05 14:51:59.955 +05:30 [INF] Request finished HTTP/1.1 GET http://localhost:5191/ - 404 0 null 11.2172ms
2025-05-05 14:51:59.966 +05:30 [INF] Request reached the end of the middleware pipeline without being handled by application code. Request path: GET http://localhost:5191/, Response status code: 404
2025-05-05 14:52:00.134 +05:30 [INF] Request starting HTTP/1.1 GET http://localhost:5191/ - null null
2025-05-05 14:52:00.146 +05:30 [INF] Request finished HTTP/1.1 GET http://localhost:5191/ - 404 0 null 11.4194ms
2025-05-05 14:52:00.171 +05:30 [INF] Request reached the end of the middleware pipeline without being handled by application code. Request path: GET http://localhost:5191/, Response status code: 404
2025-05-05 14:52:00.308 +05:30 [INF] Request starting HTTP/1.1 GET http://localhost:5191/ - null null
2025-05-05 14:52:00.321 +05:30 [INF] Request finished HTTP/1.1 GET http://localhost:5191/ - 404 0 null 13.1979ms
2025-05-05 14:52:00.340 +05:30 [INF] Request reached the end of the middleware pipeline without being handled by application code. Request path: GET http://localhost:5191/, Response status code: 404
2025-05-05 14:52:00.502 +05:30 [INF] Request starting HTTP/1.1 GET http://localhost:5191/ - null null
2025-05-05 14:52:00.518 +05:30 [INF] Request finished HTTP/1.1 GET http://localhost:5191/ - 404 0 null 16.2089ms
2025-05-05 14:52:00.537 +05:30 [INF] Request reached the end of the middleware pipeline without being handled by application code. Request path: GET http://localhost:5191/, Response status code: 404
2025-05-05 14:52:00.691 +05:30 [INF] Request starting HTTP/1.1 GET http://localhost:5191/ - null null
2025-05-05 14:52:00.705 +05:30 [INF] Request finished HTTP/1.1 GET http://localhost:5191/ - 404 0 null 14.3404ms
2025-05-05 14:52:00.724 +05:30 [INF] Request reached the end of the middleware pipeline without being handled by application code. Request path: GET http://localhost:5191/, Response status code: 404
2025-05-05 14:52:00.931 +05:30 [INF] Request starting HTTP/1.1 GET http://localhost:5191/ - null null
2025-05-05 14:52:00.956 +05:30 [INF] Request finished HTTP/1.1 GET http://localhost:5191/ - 404 0 null 24.3045ms
2025-05-05 14:52:00.974 +05:30 [INF] Request reached the end of the middleware pipeline without being handled by application code. Request path: GET http://localhost:5191/, Response status code: 404
2025-05-05 16:12:03.750 +05:30 [INF] Request starting HTTP/1.1 OPTIONS http://localhost:5191/api/auth/login - null null
2025-05-05 16:12:03.772 +05:30 [INF] CORS policy execution successful.
2025-05-05 16:12:03.779 +05:30 [INF] Request finished HTTP/1.1 OPTIONS http://localhost:5191/api/auth/login - 204 null null 29.6682ms
2025-05-05 16:12:03.788 +05:30 [INF] Request starting HTTP/1.1 POST http://localhost:5191/api/auth/login - application/json 40
2025-05-05 16:12:03.795 +05:30 [INF] CORS policy execution successful.
2025-05-05 16:12:03.801 +05:30 [INF] Request finished HTTP/1.1 POST http://localhost:5191/api/auth/login - 404 0 null 13.3146ms
2025-05-05 16:12:03.813 +05:30 [INF] Request reached the end of the middleware pipeline without being handled by application code. Request path: POST http://localhost:5191/api/auth/login, Response status code: 404
2025-05-05 16:16:22.002 +05:30 [INF] Request starting HTTP/1.1 OPTIONS http://localhost:5191/api/auth/login - null null
2025-05-05 16:16:22.025 +05:30 [INF] CORS policy execution successful.
2025-05-05 16:16:22.032 +05:30 [INF] Request finished HTTP/1.1 OPTIONS http://localhost:5191/api/auth/login - 204 null null 29.7825ms
2025-05-05 16:16:22.053 +05:30 [INF] Request starting HTTP/1.1 POST http://localhost:5191/api/auth/login - application/json 40
2025-05-05 16:16:22.075 +05:30 [INF] CORS policy execution successful.
2025-05-05 16:16:22.080 +05:30 [INF] Request finished HTTP/1.1 POST http://localhost:5191/api/auth/login - 404 0 null 26.9732ms
2025-05-05 16:16:22.094 +05:30 [INF] Request reached the end of the middleware pipeline without being handled by application code. Request path: POST http://localhost:5191/api/auth/login, Response status code: 404
2025-05-05 16:19:44.282 +05:30 [INF] Request starting HTTP/1.1 OPTIONS http://localhost:5191/api/auth/login - null null
2025-05-05 16:19:44.302 +05:30 [INF] CORS policy execution successful.
2025-05-05 16:19:44.311 +05:30 [INF] Request finished HTTP/1.1 OPTIONS http://localhost:5191/api/auth/login - 204 null null 29.1056ms
2025-05-05 16:19:44.335 +05:30 [INF] Request starting HTTP/1.1 POST http://localhost:5191/api/auth/login - application/json 40
2025-05-05 16:19:44.348 +05:30 [INF] CORS policy execution successful.
2025-05-05 16:19:44.358 +05:30 [INF] Request finished HTTP/1.1 POST http://localhost:5191/api/auth/login - 404 0 null 22.8885ms
2025-05-05 16:19:44.379 +05:30 [INF] Request reached the end of the middleware pipeline without being handled by application code. Request path: POST http://localhost:5191/api/auth/login, Response status code: 404
2025-05-05 16:19:50.214 +05:30 [INF] Request starting HTTP/1.1 OPTIONS http://localhost:5191/api/auth/login - null null
2025-05-05 16:19:50.228 +05:30 [INF] CORS policy execution successful.
2025-05-05 16:19:50.232 +05:30 [INF] Request finished HTTP/1.1 OPTIONS http://localhost:5191/api/auth/login - 204 null null 18.8487ms
2025-05-05 16:19:50.243 +05:30 [INF] Request starting HTTP/1.1 POST http://localhost:5191/api/auth/login - application/json 40
2025-05-05 16:19:50.256 +05:30 [INF] CORS policy execution successful.
2025-05-05 16:19:50.262 +05:30 [INF] Request finished HTTP/1.1 POST http://localhost:5191/api/auth/login - 404 0 null 18.9774ms
2025-05-05 16:19:50.275 +05:30 [INF] Request reached the end of the middleware pipeline without being handled by application code. Request path: POST http://localhost:5191/api/auth/login, Response status code: 404
2025-05-05 16:19:55.017 +05:30 [INF] Request starting HTTP/1.1 OPTIONS http://localhost:5191/api/auth/login - null null
2025-05-05 16:19:55.036 +05:30 [INF] CORS policy execution successful.
2025-05-05 16:19:55.044 +05:30 [INF] Request finished HTTP/1.1 OPTIONS http://localhost:5191/api/auth/login - 204 null null 26.5798ms
2025-05-05 16:19:55.065 +05:30 [INF] Request starting HTTP/1.1 POST http://localhost:5191/api/auth/login - application/json 40
2025-05-05 16:19:55.083 +05:30 [INF] CORS policy execution successful.
2025-05-05 16:19:55.090 +05:30 [INF] Request finished HTTP/1.1 POST http://localhost:5191/api/auth/login - 404 0 null 24.5087ms
2025-05-05 16:19:55.105 +05:30 [INF] Request reached the end of the middleware pipeline without being handled by application code. Request path: POST http://localhost:5191/api/auth/login, Response status code: 404
2025-05-05 16:24:14.350 +05:30 [INF] Request starting HTTP/1.1 GET http://localhost:5191/api/auth/login - null null
2025-05-05 16:24:14.367 +05:30 [INF] Request finished HTTP/1.1 GET http://localhost:5191/api/auth/login - 404 0 null 16.1942ms
2025-05-05 16:24:14.382 +05:30 [INF] Request reached the end of the middleware pipeline without being handled by application code. Request path: GET http://localhost:5191/api/auth/login, Response status code: 404
2025-05-05 16:24:28.386 +05:30 [INF] Request starting HTTP/1.1 OPTIONS http://localhost:5191/api/auth/login - null null
2025-05-05 16:24:28.399 +05:30 [INF] CORS policy execution successful.
2025-05-05 16:24:28.403 +05:30 [INF] Request finished HTTP/1.1 OPTIONS http://localhost:5191/api/auth/login - 204 null null 16.9315ms
2025-05-05 16:24:28.419 +05:30 [INF] Request starting HTTP/1.1 POST http://localhost:5191/api/auth/login - application/json 40
2025-05-05 16:24:28.430 +05:30 [INF] CORS policy execution successful.
2025-05-05 16:24:28.434 +05:30 [INF] Request finished HTTP/1.1 POST http://localhost:5191/api/auth/login - 404 0 null 15.2734ms
2025-05-05 16:24:28.459 +05:30 [INF] Request reached the end of the middleware pipeline without being handled by application code. Request path: POST http://localhost:5191/api/auth/login, Response status code: 404
2025-05-05 16:25:57.078 +05:30 [INF] Request starting HTTP/1.1 OPTIONS http://localhost:5191/api/auth/login - null null
2025-05-05 16:25:57.103 +05:30 [INF] CORS policy execution successful.
2025-05-05 16:25:57.108 +05:30 [INF] Request finished HTTP/1.1 OPTIONS http://localhost:5191/api/auth/login - 204 null null 30.3244ms
2025-05-05 16:25:57.123 +05:30 [INF] Request starting HTTP/1.1 POST http://localhost:5191/api/auth/login - application/json 40
2025-05-05 16:25:57.129 +05:30 [INF] CORS policy execution successful.
2025-05-05 16:25:57.131 +05:30 [INF] Request finished HTTP/1.1 POST http://localhost:5191/api/auth/login - 404 0 null 8.3903ms
2025-05-05 16:25:57.138 +05:30 [INF] Request reached the end of the middleware pipeline without being handled by application code. Request path: POST http://localhost:5191/api/auth/login, Response status code: 404
2025-05-05 16:25:59.992 +05:30 [INF] Request starting HTTP/1.1 OPTIONS http://localhost:5191/api/auth/login - null null
2025-05-05 16:26:00.010 +05:30 [INF] CORS policy execution successful.
2025-05-05 16:26:00.018 +05:30 [INF] Request finished HTTP/1.1 OPTIONS http://localhost:5191/api/auth/login - 204 null null 26.0093ms
2025-05-05 16:26:00.053 +05:30 [INF] Request starting HTTP/1.1 POST http://localhost:5191/api/auth/login - application/json 40
2025-05-05 16:26:00.074 +05:30 [INF] CORS policy execution successful.
2025-05-05 16:26:00.082 +05:30 [INF] Request finished HTTP/1.1 POST http://localhost:5191/api/auth/login - 404 0 null 29.2004ms
2025-05-05 16:26:00.097 +05:30 [INF] Request reached the end of the middleware pipeline without being handled by application code. Request path: POST http://localhost:5191/api/auth/login, Response status code: 404
2025-05-05 16:26:01.124 +05:30 [INF] Request starting HTTP/1.1 OPTIONS http://localhost:5191/api/auth/login - null null
2025-05-05 16:26:01.137 +05:30 [INF] CORS policy execution successful.
2025-05-05 16:26:01.142 +05:30 [INF] Request finished HTTP/1.1 OPTIONS http://localhost:5191/api/auth/login - 204 null null 18.6169ms
2025-05-05 16:26:01.157 +05:30 [INF] Request starting HTTP/1.1 POST http://localhost:5191/api/auth/login - application/json 40
2025-05-05 16:26:01.174 +05:30 [INF] CORS policy execution successful.
2025-05-05 16:26:01.182 +05:30 [INF] Request finished HTTP/1.1 POST http://localhost:5191/api/auth/login - 404 0 null 24.9665ms
2025-05-05 16:26:01.203 +05:30 [INF] Request reached the end of the middleware pipeline without being handled by application code. Request path: POST http://localhost:5191/api/auth/login, Response status code: 404
2025-05-05 16:26:01.531 +05:30 [INF] Request starting HTTP/1.1 OPTIONS http://localhost:5191/api/auth/login - null null
2025-05-05 16:26:01.546 +05:30 [INF] CORS policy execution successful.
2025-05-05 16:26:01.550 +05:30 [INF] Request finished HTTP/1.1 OPTIONS http://localhost:5191/api/auth/login - 204 null null 18.7707ms
2025-05-05 16:26:01.567 +05:30 [INF] Request starting HTTP/1.1 POST http://localhost:5191/api/auth/login - application/json 40
2025-05-05 16:26:01.579 +05:30 [INF] CORS policy execution successful.
2025-05-05 16:26:01.586 +05:30 [INF] Request finished HTTP/1.1 POST http://localhost:5191/api/auth/login - 404 0 null 19.3446ms
2025-05-05 16:26:01.611 +05:30 [INF] Request reached the end of the middleware pipeline without being handled by application code. Request path: POST http://localhost:5191/api/auth/login, Response status code: 404
2025-05-05 16:26:02.067 +05:30 [INF] Request starting HTTP/1.1 OPTIONS http://localhost:5191/api/auth/login - null null
2025-05-05 16:26:02.080 +05:30 [INF] CORS policy execution successful.
2025-05-05 16:26:02.087 +05:30 [INF] Request finished HTTP/1.1 OPTIONS http://localhost:5191/api/auth/login - 204 null null 18.9391ms
2025-05-05 16:26:02.105 +05:30 [INF] Request starting HTTP/1.1 POST http://localhost:5191/api/auth/login - application/json 40
2025-05-05 16:26:02.158 +05:30 [INF] CORS policy execution successful.
2025-05-05 16:26:02.185 +05:30 [INF] Request finished HTTP/1.1 POST http://localhost:5191/api/auth/login - 404 0 null 79.8598ms
2025-05-05 16:26:02.209 +05:30 [INF] Request reached the end of the middleware pipeline without being handled by application code. Request path: POST http://localhost:5191/api/auth/login, Response status code: 404
2025-05-05 16:26:02.504 +05:30 [INF] Request starting HTTP/1.1 OPTIONS http://localhost:5191/api/auth/login - null null
2025-05-05 16:26:02.518 +05:30 [INF] CORS policy execution successful.
2025-05-05 16:26:02.523 +05:30 [INF] Request finished HTTP/1.1 OPTIONS http://localhost:5191/api/auth/login - 204 null null 18.6754ms
2025-05-05 16:26:02.543 +05:30 [INF] Request starting HTTP/1.1 POST http://localhost:5191/api/auth/login - application/json 40
2025-05-05 16:26:02.565 +05:30 [INF] CORS policy execution successful.
2025-05-05 16:26:02.572 +05:30 [INF] Request finished HTTP/1.1 POST http://localhost:5191/api/auth/login - 404 0 null 28.2632ms
2025-05-05 16:26:02.592 +05:30 [INF] Request reached the end of the middleware pipeline without being handled by application code. Request path: POST http://localhost:5191/api/auth/login, Response status code: 404
2025-05-05 16:26:02.938 +05:30 [INF] Request starting HTTP/1.1 OPTIONS http://localhost:5191/api/auth/login - null null
2025-05-05 16:26:02.957 +05:30 [INF] CORS policy execution successful.
2025-05-05 16:26:02.961 +05:30 [INF] Request finished HTTP/1.1 OPTIONS http://localhost:5191/api/auth/login - 204 null null 22.7545ms
2025-05-05 16:26:02.987 +05:30 [INF] Request starting HTTP/1.1 POST http://localhost:5191/api/auth/login - application/json 40
2025-05-05 16:26:03.008 +05:30 [INF] CORS policy execution successful.
2025-05-05 16:26:03.016 +05:30 [INF] Request finished HTTP/1.1 POST http://localhost:5191/api/auth/login - 404 0 null 28.5087ms
2025-05-05 16:26:03.037 +05:30 [INF] Request reached the end of the middleware pipeline without being handled by application code. Request path: POST http://localhost:5191/api/auth/login, Response status code: 404
2025-05-05 16:26:41.533 +05:30 [INF] Request starting HTTP/1.1 GET http://localhost:5191/ - null null
2025-05-05 16:26:41.541 +05:30 [INF] Request finished HTTP/1.1 GET http://localhost:5191/ - 404 0 null 7.6816ms
2025-05-05 16:26:41.550 +05:30 [INF] Request reached the end of the middleware pipeline without being handled by application code. Request path: GET http://localhost:5191/, Response status code: 404
2025-05-05 16:26:56.537 +05:30 [INF] Request starting HTTP/1.1 GET http://localhost:5191/api/auth/login - null null
2025-05-05 16:26:56.555 +05:30 [INF] Request finished HTTP/1.1 GET http://localhost:5191/api/auth/login - 404 0 null 17.8996ms
2025-05-05 16:26:56.577 +05:30 [INF] Request reached the end of the middleware pipeline without being handled by application code. Request path: GET http://localhost:5191/api/auth/login, Response status code: 404
2025-05-05 16:27:09.158 +05:30 [INF] Request starting HTTP/1.1 GET http://localhost:5191/api/auth/login - null null
2025-05-05 16:27:09.169 +05:30 [INF] Request finished HTTP/1.1 GET http://localhost:5191/api/auth/login - 404 0 null 11.295ms
2025-05-05 16:27:09.188 +05:30 [INF] Request reached the end of the middleware pipeline without being handled by application code. Request path: GET http://localhost:5191/api/auth/login, Response status code: 404
2025-05-05 16:27:10.723 +05:30 [INF] Request starting HTTP/1.1 GET http://localhost:5191/api/auth/login - null null
2025-05-05 16:27:10.744 +05:30 [INF] Request finished HTTP/1.1 GET http://localhost:5191/api/auth/login - 404 0 null 21.272ms
2025-05-05 16:27:10.769 +05:30 [INF] Request reached the end of the middleware pipeline without being handled by application code. Request path: GET http://localhost:5191/api/auth/login, Response status code: 404
2025-05-05 16:27:10.933 +05:30 [INF] Request starting HTTP/1.1 GET http://localhost:5191/api/auth/login - null null
2025-05-05 16:27:10.948 +05:30 [INF] Request finished HTTP/1.1 GET http://localhost:5191/api/auth/login - 404 0 null 15.5853ms
2025-05-05 16:27:10.966 +05:30 [INF] Request reached the end of the middleware pipeline without being handled by application code. Request path: GET http://localhost:5191/api/auth/login, Response status code: 404
2025-05-05 16:27:11.424 +05:30 [INF] Request starting HTTP/1.1 GET http://localhost:5191/api/auth/login - null null
2025-05-05 16:27:11.442 +05:30 [INF] Request finished HTTP/1.1 GET http://localhost:5191/api/auth/login - 404 0 null 17.4257ms
2025-05-05 16:27:11.464 +05:30 [INF] Request reached the end of the middleware pipeline without being handled by application code. Request path: GET http://localhost:5191/api/auth/login, Response status code: 404
2025-05-05 16:27:11.649 +05:30 [INF] Request starting HTTP/1.1 GET http://localhost:5191/api/auth/login - null null
2025-05-05 16:27:11.666 +05:30 [INF] Request finished HTTP/1.1 GET http://localhost:5191/api/auth/login - 404 0 null 17.7108ms
2025-05-05 16:27:11.690 +05:30 [INF] Request reached the end of the middleware pipeline without being handled by application code. Request path: GET http://localhost:5191/api/auth/login, Response status code: 404
2025-05-05 16:32:32.731 +05:30 [INF] User profile is available. Using 'C:\Users\PrabaharanPalani\AppData\Local\ASP.NET\DataProtection-Keys' as key repository and Windows DPAPI to encrypt keys at rest.
2025-05-05 16:32:32.926 +05:30 [INF] Now listening on: http://localhost:5191
2025-05-05 16:32:32.931 +05:30 [INF] Application started. Press Ctrl+C to shut down.
2025-05-05 16:32:32.932 +05:30 [INF] Hosting environment: Development
2025-05-05 16:32:32.933 +05:30 [INF] Content root path: D:\Praba\AI\ADF\DataTransferApp\DataTransfer.API
2025-05-05 16:33:18.781 +05:30 [INF] Request starting HTTP/1.1 GET http://localhost:5191/api/auth/login - null null
2025-05-05 16:33:18.906 +05:30 [WRN] Failed to determine the https port for redirect.
2025-05-05 16:33:22.166 +05:30 [INF] Executing endpoint '405 HTTP Method Not Supported'
2025-05-05 16:33:22.175 +05:30 [INF] Executed endpoint '405 HTTP Method Not Supported'
2025-05-05 16:33:22.197 +05:30 [INF] Request finished HTTP/1.1 GET http://localhost:5191/api/auth/login - 405 0 null 3416.4722ms
2025-05-05 16:33:28.155 +05:30 [INF] Request starting HTTP/1.1 GET http://localhost:5191/ - null null
2025-05-05 16:33:28.182 +05:30 [INF] Request finished HTTP/1.1 GET http://localhost:5191/ - 404 0 null 26.5195ms
2025-05-05 16:33:28.215 +05:30 [INF] Request reached the end of the middleware pipeline without being handled by application code. Request path: GET http://localhost:5191/, Response status code: 404
2025-05-05 16:33:34.956 +05:30 [INF] Request starting HTTP/1.1 GET http://localhost:5191/ - null null
2025-05-05 16:33:34.981 +05:30 [INF] Request finished HTTP/1.1 GET http://localhost:5191/ - 404 0 null 25.7248ms
2025-05-05 16:33:35.013 +05:30 [INF] Request reached the end of the middleware pipeline without being handled by application code. Request path: GET http://localhost:5191/, Response status code: 404
2025-05-05 16:33:41.271 +05:30 [INF] Request starting HTTP/1.1 GET http://localhost:5191/ - null null
2025-05-05 16:33:41.292 +05:30 [INF] Request finished HTTP/1.1 GET http://localhost:5191/ - 404 0 null 21.1911ms
2025-05-05 16:33:41.314 +05:30 [INF] Request reached the end of the middleware pipeline without being handled by application code. Request path: GET http://localhost:5191/, Response status code: 404
2025-05-05 16:39:45.574 +05:30 [INF] User profile is available. Using 'C:\Users\PrabaharanPalani\AppData\Local\ASP.NET\DataProtection-Keys' as key repository and Windows DPAPI to encrypt keys at rest.
2025-05-05 16:39:45.711 +05:30 [INF] Now listening on: http://localhost:5191
2025-05-05 16:39:45.714 +05:30 [INF] Application started. Press Ctrl+C to shut down.
2025-05-05 16:39:45.715 +05:30 [INF] Hosting environment: Development
2025-05-05 16:39:45.716 +05:30 [INF] Content root path: D:\Praba\AI\ADF\DataTransferApp\DataTransfer.API
2025-05-05 16:40:06.338 +05:30 [INF] Request starting HTTP/1.1 GET http://localhost:5191/swagger - null null
2025-05-05 16:40:06.388 +05:30 [INF] Request finished HTTP/1.1 GET http://localhost:5191/swagger - 301 0 null 51.1826ms
2025-05-05 16:40:06.411 +05:30 [INF] Request starting HTTP/1.1 GET http://localhost:5191/swagger/index.html - null null
2025-05-05 16:40:06.509 +05:30 [INF] Request finished HTTP/1.1 GET http://localhost:5191/swagger/index.html - 200 null text/html;charset=utf-8 98.6272ms
2025-05-05 16:40:06.633 +05:30 [INF] Request starting HTTP/1.1 GET http://localhost:5191/swagger/swagger-ui.css - null null
2025-05-05 16:40:06.636 +05:30 [INF] Request starting HTTP/1.1 GET http://localhost:5191/swagger/swagger-ui-bundle.js - null null
2025-05-05 16:40:06.637 +05:30 [INF] Request starting HTTP/1.1 GET http://localhost:5191/swagger/swagger-ui-standalone-preset.js - null null
2025-05-05 16:40:06.703 +05:30 [INF] Sending file. Request path: '/swagger-ui-standalone-preset.js'. Physical path: 'N/A'
2025-05-05 16:40:06.703 +05:30 [INF] Sending file. Request path: '/swagger-ui.css'. Physical path: 'N/A'
2025-05-05 16:40:06.719 +05:30 [INF] Request finished HTTP/1.1 GET http://localhost:5191/swagger/swagger-ui-standalone-preset.js - 200 312163 text/javascript 81.6656ms
2025-05-05 16:40:06.721 +05:30 [INF] Request finished HTTP/1.1 GET http://localhost:5191/swagger/swagger-ui.css - 200 144929 text/css 87.1417ms
2025-05-05 16:40:06.822 +05:30 [INF] Sending file. Request path: '/swagger-ui-bundle.js'. Physical path: 'N/A'
2025-05-05 16:40:06.827 +05:30 [INF] Request finished HTTP/1.1 GET http://localhost:5191/swagger/swagger-ui-bundle.js - 200 1061536 text/javascript 190.5855ms
2025-05-05 16:40:07.154 +05:30 [INF] Request starting HTTP/1.1 GET http://localhost:5191/swagger/v1/swagger.json - null null
2025-05-05 16:40:07.217 +05:30 [INF] Request starting HTTP/1.1 GET http://localhost:5191/swagger/favicon-32x32.png - null null
2025-05-05 16:40:07.229 +05:30 [INF] Sending file. Request path: '/favicon-32x32.png'. Physical path: 'N/A'
2025-05-05 16:40:07.237 +05:30 [INF] Request finished HTTP/1.1 GET http://localhost:5191/swagger/favicon-32x32.png - 200 628 image/png 19.7783ms
2025-05-05 16:40:07.449 +05:30 [INF] Request finished HTTP/1.1 GET http://localhost:5191/swagger/v1/swagger.json - 200 null application/json;charset=utf-8 294.5614ms
2025-05-05 16:40:18.335 +05:30 [INF] Request starting HTTP/1.1 OPTIONS http://localhost:5191/api/auth/login - null null
2025-05-05 16:40:18.361 +05:30 [INF] CORS policy execution successful.
2025-05-05 16:40:18.372 +05:30 [INF] Request finished HTTP/1.1 OPTIONS http://localhost:5191/api/auth/login - 204 null null 37.4724ms
2025-05-05 16:40:18.392 +05:30 [INF] Request starting HTTP/1.1 POST http://localhost:5191/api/auth/login - application/json 40
2025-05-05 16:40:18.415 +05:30 [INF] CORS policy execution successful.
2025-05-05 16:40:18.477 +05:30 [INF] Executing endpoint 'DataTransfer.API.Controllers.AuthController.Login (DataTransfer.API)'
2025-05-05 16:40:18.519 +05:30 [INF] Route matched with {action = "Login", controller = "Auth"}. Executing controller action with signature System.Threading.Tasks.Task`1[Microsoft.AspNetCore.Mvc.IActionResult] Login(DataTransfer.Application.DTOs.LoginRequestDto) on controller DataTransfer.API.Controllers.AuthController (DataTransfer.API).
2025-05-05 16:40:21.658 +05:30 [INF] Executing UnauthorizedObjectResult, writing value of type 'DataTransfer.Application.DTOs.AuthResponseDto'.
2025-05-05 16:40:21.684 +05:30 [INF] Executed action DataTransfer.API.Controllers.AuthController.Login (DataTransfer.API) in 3153.4749ms
2025-05-05 16:40:21.698 +05:30 [INF] Executed endpoint 'DataTransfer.API.Controllers.AuthController.Login (DataTransfer.API)'
2025-05-05 16:40:21.708 +05:30 [INF] Request finished HTTP/1.1 POST http://localhost:5191/api/auth/login - 401 null application/json; charset=utf-8 3316.1963ms
2025-05-05 16:44:42.539 +05:30 [INF] Request starting HTTP/1.1 POST http://localhost:5191/api/Auth/login - application/json 49
2025-05-05 16:44:42.562 +05:30 [INF] CORS policy execution failed.
2025-05-05 16:44:42.571 +05:30 [INF] Request origin http://localhost:5191 does not have permission to access the resource.
2025-05-05 16:44:42.586 +05:30 [INF] Executing endpoint 'DataTransfer.API.Controllers.AuthController.Login (DataTransfer.API)'
2025-05-05 16:44:42.593 +05:30 [INF] Route matched with {action = "Login", controller = "Auth"}. Executing controller action with signature System.Threading.Tasks.Task`1[Microsoft.AspNetCore.Mvc.IActionResult] Login(DataTransfer.Application.DTOs.LoginRequestDto) on controller DataTransfer.API.Controllers.AuthController (DataTransfer.API).
2025-05-05 16:44:42.670 +05:30 [INF] Executing UnauthorizedObjectResult, writing value of type 'DataTransfer.Application.DTOs.AuthResponseDto'.
2025-05-05 16:44:42.675 +05:30 [INF] Executed action DataTransfer.API.Controllers.AuthController.Login (DataTransfer.API) in 65.9972ms
2025-05-05 16:44:42.682 +05:30 [INF] Executed endpoint 'DataTransfer.API.Controllers.AuthController.Login (DataTransfer.API)'
2025-05-05 16:44:42.687 +05:30 [INF] Request finished HTTP/1.1 POST http://localhost:5191/api/Auth/login - 401 null application/json; charset=utf-8 147.9397ms
2025-05-05 18:28:51.608 +05:30 [INF] User profile is available. Using 'C:\Users\PrabaharanPalani\AppData\Local\ASP.NET\DataProtection-Keys' as key repository and Windows DPAPI to encrypt keys at rest.
2025-05-05 18:28:51.915 +05:30 [INF] Now listening on: http://localhost:5191
2025-05-05 18:28:51.925 +05:30 [INF] Application started. Press Ctrl+C to shut down.
2025-05-05 18:28:51.930 +05:30 [INF] Hosting environment: Development
2025-05-05 18:28:51.932 +05:30 [INF] Content root path: D:\Praba\AI\ADF\DataTransferApp\DataTransfer.API
2025-05-05 18:35:30.733 +05:30 [INF] User profile is available. Using 'C:\Users\PrabaharanPalani\AppData\Local\ASP.NET\DataProtection-Keys' as key repository and Windows DPAPI to encrypt keys at rest.
2025-05-05 18:35:31.076 +05:30 [INF] Now listening on: http://localhost:5191
2025-05-05 18:35:31.083 +05:30 [INF] Application started. Press Ctrl+C to shut down.
2025-05-05 18:35:31.086 +05:30 [INF] Hosting environment: Development
2025-05-05 18:35:31.092 +05:30 [INF] Content root path: D:\Praba\AI\ADF\DataTransferApp\DataTransfer.API
2025-05-05 18:37:08.270 +05:30 [INF] Request starting HTTP/1.1 OPTIONS http://localhost:5191/api/auth/login - null null
2025-05-05 18:37:08.332 +05:30 [INF] CORS policy execution successful.
2025-05-05 18:37:08.348 +05:30 [INF] Request finished HTTP/1.1 OPTIONS http://localhost:5191/api/auth/login - 204 null null 82.5053ms
2025-05-05 18:37:08.360 +05:30 [INF] Request starting HTTP/1.1 POST http://localhost:5191/api/auth/login - application/json 40
2025-05-05 18:37:08.368 +05:30 [INF] CORS policy execution successful.
2025-05-05 18:37:10.685 +05:30 [INF] Executing endpoint 'DataTransfer.API.Controllers.AuthController.Login (DataTransfer.API)'
2025-05-05 18:37:10.738 +05:30 [INF] Route matched with {action = "Login", controller = "Auth"}. Executing controller action with signature System.Threading.Tasks.Task`1[Microsoft.AspNetCore.Mvc.IActionResult] Login(DataTransfer.Application.DTOs.LoginRequestDto) on controller DataTransfer.API.Controllers.AuthController (DataTransfer.API).
2025-05-05 18:37:12.647 +05:30 [INF] Executing OkObjectResult, writing value of type 'DataTransfer.Application.DTOs.AuthResponseDto'.
2025-05-05 18:37:12.668 +05:30 [INF] Executed action DataTransfer.API.Controllers.AuthController.Login (DataTransfer.API) in 1921.0229ms
2025-05-05 18:37:12.671 +05:30 [INF] Executed endpoint 'DataTransfer.API.Controllers.AuthController.Login (DataTransfer.API)'
2025-05-05 18:37:12.674 +05:30 [INF] Request finished HTTP/1.1 POST http://localhost:5191/api/auth/login - 200 null application/json; charset=utf-8 4313.7827ms
2025-05-05 18:39:17.073 +05:30 [INF] Request starting HTTP/1.1 OPTIONS http://localhost:5191/api/auth/login - null null
2025-05-05 18:39:17.096 +05:30 [INF] CORS policy execution successful.
2025-05-05 18:39:17.103 +05:30 [INF] Request finished HTTP/1.1 OPTIONS http://localhost:5191/api/auth/login - 204 null null 29.7488ms
2025-05-05 18:39:17.123 +05:30 [INF] Request starting HTTP/1.1 POST http://localhost:5191/api/auth/login - application/json 40
2025-05-05 18:39:17.140 +05:30 [INF] CORS policy execution successful.
2025-05-05 18:39:17.147 +05:30 [INF] Executing endpoint 'DataTransfer.API.Controllers.AuthController.Login (DataTransfer.API)'
2025-05-05 18:39:17.155 +05:30 [INF] Route matched with {action = "Login", controller = "Auth"}. Executing controller action with signature System.Threading.Tasks.Task`1[Microsoft.AspNetCore.Mvc.IActionResult] Login(DataTransfer.Application.DTOs.LoginRequestDto) on controller DataTransfer.API.Controllers.AuthController (DataTransfer.API).
2025-05-05 18:39:17.253 +05:30 [INF] Executing OkObjectResult, writing value of type 'DataTransfer.Application.DTOs.AuthResponseDto'.
2025-05-05 18:39:17.260 +05:30 [INF] Executed action DataTransfer.API.Controllers.AuthController.Login (DataTransfer.API) in 93.7004ms
2025-05-05 18:39:17.265 +05:30 [INF] Executed endpoint 'DataTransfer.API.Controllers.AuthController.Login (DataTransfer.API)'
2025-05-05 18:39:17.270 +05:30 [INF] Request finished HTTP/1.1 POST http://localhost:5191/api/auth/login - 200 null application/json; charset=utf-8 146.9981ms
